#
# There is insufficient memory for the Java Runtime Environment to continue.
# Native memory allocation (mmap) failed to map 67108864 bytes for Failed to commit area from 0x00000000c1c00000 to 0x00000000c5c00000 of length 67108864.
# Possible reasons:
#   The system is out of physical RAM or swap space
#   The process is running with CompressedOops enabled, and the Java Heap may be blocking the growth of the native heap
# Possible solutions:
#   Reduce memory load on the system
#   Increase physical memory or swap space
#   Check if swap backing store is full
#   Decrease Java heap size (-Xmx/-Xms)
#   Decrease number of Java threads
#   Decrease Java thread stack sizes (-Xss)
#   Set larger code cache with -XX:ReservedCodeCacheSize=
#   JVM is running with Unscaled Compressed Oops mode in which the Java heap is
#     placed in the first 4GB address space. The Java Heap base address is the
#     maximum limit for the native heap growth. Please use -XX:HeapBaseMinAddress
#     to set the Java Heap base and to place the Java Heap above 4GB virtual address.
# This output file may be truncated or incomplete.
#
#  Out of Memory Error (./open/src/hotspot/os/windows/os_windows.cpp:3315), pid=20424, tid=7076
#
# JRE version:  (14.0.2+12) (build )
# Java VM: Java HotSpot(TM) 64-Bit Server VM (14.0.2+12-46, mixed mode, sharing, tiered, compressed oops, g1 gc, windows-amd64)
# No core dump will be written. Minidumps are not enabled by default on client versions of Windows
#

---------------  S U M M A R Y ------------

Command Line: -agentlib:jdwp=transport=dt_socket,suspend=y,address=localhost:57076 -javaagent:C:\Users\Asus\eclipse\java-2020-063\eclipse\configuration\org.eclipse.osgi\222\0\.cp\lib\javaagent-shaded.jar -Dfile.encoding=UTF-8 view.MainView

Host: Intel(R) Core(TM) i3-7100U CPU @ 2.40GHz, 4 cores, 3G,  Windows 10 , 64 bit Build 19041 (10.0.19041.1348)
Time: Mon Jan 24 13:32:57 2022 SE Asia Standard Time elapsed time: 7 seconds (0d 0h 0m 7s)

---------------  T H R E A D  ---------------

Current thread (0x000002d096fde000):  JavaThread "Unknown thread" [_thread_in_vm, id=7076, stack(0x000000d18ea00000,0x000000d18eb00000)]

Stack: [0x000000d18ea00000,0x000000d18eb00000]
Native frames: (J=compiled Java code, j=interpreted, Vv=VM code, C=native code)
V  [jvm.dll+0x5f8a9a]
V  [jvm.dll+0x74247a]
V  [jvm.dll+0x743c2f]
V  [jvm.dll+0x744273]
V  [jvm.dll+0x20d288]
V  [jvm.dll+0x5f5dea]
V  [jvm.dll+0x5eac45]
V  [jvm.dll+0x2c7e9c]
V  [jvm.dll+0x2c7cd2]
V  [jvm.dll+0x2cdbbc]
V  [jvm.dll+0x313fe8]
V  [jvm.dll+0x313710]
V  [jvm.dll+0x2a092a]
V  [jvm.dll+0x2a1a79]
V  [jvm.dll+0x71fd48]
V  [jvm.dll+0x321c14]
V  [jvm.dll+0x70112c]
V  [jvm.dll+0x392def]
V  [jvm.dll+0x394e61]
C  [jli.dll+0x524b]
C  [ucrtbase.dll+0x21bb2]
C  [KERNEL32.DLL+0x17034]
C  [ntdll.dll+0x52651]


---------------  P R O C E S S  ---------------

Threads class SMR info:
_java_thread_list=0x00007fff67d83038, length=0, elements={
}

Java Threads: ( => current thread )

Other Threads:
  0x000002d09700e800 GCTaskThread "GC Thread#0" [stack: 0x000000d18eb00000,0x000000d18ec00000] [id=27060]
  0x000002d097016000 ConcurrentGCThread "G1 Main Marker" [stack: 0x000000d18ec00000,0x000000d18ed00000] [id=27064]
  0x000002d097017000 ConcurrentGCThread "G1 Conc#0" [stack: 0x000000d18ed00000,0x000000d18ee00000] [id=27068]

[error occurred during error reporting (printing all threads), id 0xc0000005, EXCEPTION_ACCESS_VIOLATION (0xc0000005) at pc=0x00007fff675b1257]

VM state:not at safepoint (not fully initialized)

VM Mutex/Monitor currently owned by a thread:  ([mutex/lock_event])
[0x000002d096fd9e30] Heap_lock - owner thread: 0x000002d096fde000

Heap address: 0x00000000c1c00000, size: 996 MB, Compressed Oops mode: 32-bit
Narrow klass base: 0x0000000000000000, Narrow klass shift: 0

GC Heap History (0 events):
No events

Deoptimization events (0 events):
No events

Classes unloaded (0 events):
No events

Classes redefined (0 events):
No events

Internal exceptions (0 events):
No events

Events (2 events):
Event: 2.882 Loaded shared library C:\Program Files\Java\jdk-14.0.2\bin\java.dll
Event: 2.883 Loaded shared library C:\Program Files\Java\jdk-14.0.2\bin\zip.dll


Dynamic libraries:
0x00007ff69c480000 - 0x00007ff69c48f000 	C:\Program Files\Java\jdk-14.0.2\bin\javaw.exe
0x00007fffa7b50000 - 0x00007fffa7d45000 	C:\WINDOWS\SYSTEM32\ntdll.dll
0x00007fffa6840000 - 0x00007fffa68fe000 	C:\WINDOWS\System32\KERNEL32.DLL
0x00007fffa5390000 - 0x00007fffa5658000 	C:\WINDOWS\System32\KERNELBASE.dll
0x00007fffa58d0000 - 0x00007fffa59d0000 	C:\WINDOWS\System32\ucrtbase.dll
0x00007fff8af40000 - 0x00007fff8af58000 	C:\Program Files\Java\jdk-14.0.2\bin\jli.dll
0x00007fff8ad60000 - 0x00007fff8ad75000 	C:\Program Files\Java\jdk-14.0.2\bin\VCRUNTIME140.dll
0x00007fffa6150000 - 0x00007fffa61fc000 	C:\WINDOWS\System32\ADVAPI32.dll
0x00007fffa6990000 - 0x00007fffa6a2e000 	C:\WINDOWS\System32\msvcrt.dll
0x00007fffa7700000 - 0x00007fffa779b000 	C:\WINDOWS\System32\sechost.dll
0x00007fffa6710000 - 0x00007fffa683a000 	C:\WINDOWS\System32\RPCRT4.dll
0x00007fffa6b80000 - 0x00007fffa6d21000 	C:\WINDOWS\System32\USER32.dll
0x00007fffa5260000 - 0x00007fffa5282000 	C:\WINDOWS\System32\win32u.dll
0x00007fffa78d0000 - 0x00007fffa78fb000 	C:\WINDOWS\System32\GDI32.dll
0x00007fffa5a80000 - 0x00007fffa5b8d000 	C:\WINDOWS\System32\gdi32full.dll
0x00007fffa5290000 - 0x00007fffa532d000 	C:\WINDOWS\System32\msvcp_win.dll
0x00007fff89d10000 - 0x00007fff89faa000 	C:\WINDOWS\WinSxS\amd64_microsoft.windows.common-controls_6595b64144ccf1df_6.0.19041.1110_none_60b5254171f9507e\COMCTL32.dll
0x00007fff96740000 - 0x00007fff9674a000 	C:\WINDOWS\SYSTEM32\VERSION.dll
0x00007fffa6d30000 - 0x00007fffa6d60000 	C:\WINDOWS\System32\IMM32.DLL
0x00007fff74410000 - 0x00007fff744ab000 	C:\Program Files\Java\jdk-14.0.2\bin\msvcp140.dll
0x00007fff67300000 - 0x00007fff67e1e000 	C:\Program Files\Java\jdk-14.0.2\bin\server\jvm.dll
0x00007fffa6fa0000 - 0x00007fffa6fa8000 	C:\WINDOWS\System32\PSAPI.DLL
0x00007fff94c20000 - 0x00007fff94c29000 	C:\WINDOWS\SYSTEM32\WSOCK32.dll
0x00007fffa6aa0000 - 0x00007fffa6b0b000 	C:\WINDOWS\System32\WS2_32.dll
0x00007fff8ba50000 - 0x00007fff8ba77000 	C:\WINDOWS\SYSTEM32\WINMM.dll
0x00007fffa32e0000 - 0x00007fffa32f2000 	C:\WINDOWS\SYSTEM32\kernel.appcore.dll
0x00007fffa0940000 - 0x00007fffa094a000 	C:\Program Files\Java\jdk-14.0.2\bin\jimage.dll
0x00007fffa2fa0000 - 0x00007fffa3184000 	C:\WINDOWS\SYSTEM32\DBGHELP.DLL
0x00007fff94e60000 - 0x00007fff94e8c000 	C:\WINDOWS\SYSTEM32\dbgcore.DLL
0x00007fffa56b0000 - 0x00007fffa5732000 	C:\WINDOWS\System32\bcryptPrimitives.dll
0x00007fff7a730000 - 0x00007fff7a768000 	C:\Program Files\Java\jdk-14.0.2\bin\jdwp.dll
0x00007fff9d820000 - 0x00007fff9d845000 	C:\Program Files\Java\jdk-14.0.2\bin\java.dll
0x00007fff8ae00000 - 0x00007fff8ae0e000 	C:\Program Files\Java\jdk-14.0.2\bin\instrument.dll
0x00007fff9afc0000 - 0x00007fff9afd6000 	C:\Program Files\Java\jdk-14.0.2\bin\zip.dll

dbghelp: loaded successfully - version: 4.0.5 - missing functions: none
symbol engine: initialized successfully - sym options: 0x614 - pdb path: .;C:\Program Files\Java\jdk-14.0.2\bin;C:\WINDOWS\SYSTEM32;C:\WINDOWS\WinSxS\amd64_microsoft.windows.common-controls_6595b64144ccf1df_6.0.19041.1110_none_60b5254171f9507e;C:\Program Files\Java\jdk-14.0.2\bin\server

VM Arguments:
jvm_args: -agentlib:jdwp=transport=dt_socket,suspend=y,address=localhost:57076 -javaagent:C:\Users\Asus\eclipse\java-2020-063\eclipse\configuration\org.eclipse.osgi\222\0\.cp\lib\javaagent-shaded.jar -Dfile.encoding=UTF-8 
java_command: view.MainView
java_class_path (initial): C:\Users\Asus\eclipse-workspace\DoAn\bin;C:\Users\Asus\eclipse-workspace\DoAn\addLibrary\sqljdbc42 (1).jar
Launcher Type: SUN_STANDARD

[Global flags]
     intx CICompilerCount                          = 3                                         {product} {ergonomic}
     uint ConcGCThreads                            = 1                                         {product} {ergonomic}
     uint G1ConcRefinementThreads                  = 4                                         {product} {ergonomic}
   size_t G1HeapRegionSize                         = 1048576                                   {product} {ergonomic}
    uintx GCDrainStackTargetSize                   = 64                                        {product} {ergonomic}
   size_t InitialHeapSize                          = 67108864                                  {product} {ergonomic}
   size_t MarkStackSize                            = 4194304                                   {product} {ergonomic}
   size_t MaxHeapSize                              = 1044381696                                {product} {ergonomic}
   size_t MinHeapDeltaBytes                        = 1048576                                   {product} {ergonomic}
   size_t MinHeapSize                              = 8388608                                   {product} {ergonomic}
    uintx NonNMethodCodeHeapSize                   = 5832780                                {pd product} {ergonomic}
    uintx NonProfiledCodeHeapSize                  = 122912730                              {pd product} {ergonomic}
    uintx ProfiledCodeHeapSize                     = 122912730                              {pd product} {ergonomic}
    uintx ReservedCodeCacheSize                    = 251658240                              {pd product} {ergonomic}
     bool SegmentedCodeCache                       = true                                      {product} {ergonomic}
   size_t SoftMaxHeapSize                          = 1044381696                             {manageable} {ergonomic}
     bool UseCompressedClassPointers               = true                                 {lp64_product} {ergonomic}
     bool UseCompressedOops                        = true                                 {lp64_product} {ergonomic}
     bool UseG1GC                                  = true                                      {product} {ergonomic}
     bool UseLargePagesIndividualAllocation        = false                                  {pd product} {ergonomic}

Logging:
Log output configuration:
 #0: stdout all=warning uptime,level,tags
 #1: stderr all=off uptime,level,tags

Environment Variables:
PATH=C:/Program Files/Java/jdk-14.0.2/bin/server;C:/Program Files/Java/jdk-14.0.2/bin;C:\Program Files\Common Files\Microsoft Shared\Microsoft Online Services;C:\Program Files (x86)\Common Files\Microsoft Shared\Microsoft Online Services;C:\Program Files (x86)\Common Files\Oracle\Java\javapath;C:\WINDOWS\system32;C:\WINDOWS;C:\WINDOWS\System32\Wbem;C:\WINDOWS\System32\WindowsPowerShell\v1.0\;C:\WINDOWS\System32\OpenSSH\;C:\Program Files\Java\jdk-14.0.2\bin;C:\Program Files\Microsoft SQL Server\120\Tools\Binn\;C:\Program Files\Microsoft SQL Server\Client SDK\ODBC\110\Tools\Binn\;C:\Program Files (x86)\Microsoft SQL Server\120\Tools\Binn\;C:\Program Files\Microsoft SQL Server\120\DTS\Binn\;C:\Program Files (x86)\Microsoft SQL Server\120\Tools\Binn\ManagementStudio\;C:\Program Files (x86)\Microsoft SQL Server\120\DTS\Binn\;C:\Program Files\Microsoft SQL Server\Client SDK\ODBC\130\Tools\Binn\;C:\Users\Asus\AppData\Local\Microsoft\WindowsApps;C:\Program Files\Java\jdk-14.0.2\bin;;C:\Users\Asus\eclipse\java-2020-063\eclipse;
USERNAME=Asus
OS=Windows_NT
PROCESSOR_IDENTIFIER=Intel64 Family 6 Model 142 Stepping 9, GenuineIntel



---------------  S Y S T E M  ---------------

OS: Windows 10 , 64 bit Build 19041 (10.0.19041.1348)
OS uptime: 0 days 17:47 hours

CPU:total 4 (initial active 4) (2 cores per cpu, 2 threads per core) family 6 model 142 stepping 9, cmov, cx8, fxsr, mmx, sse, sse2, sse3, ssse3, sse4.1, sse4.2, popcnt, avx, avx2, aes, clmul, erms, 3dnowpref, lzcnt, ht, tsc, tscinvbit, bmi1, bmi2, adx, fma

Memory: 4k page, system-wide physical 3977M (325M free)
TotalPageFile size 18275M (AvailPageFile size 123M)
current process WorkingSet (physical memory assigned to process): 9M, peak: 9M
current process commit charge ("private bytes"): 51M, peak: 115M

vm_info: Java HotSpot(TM) 64-Bit Server VM (14.0.2+12-46) for windows-amd64 JRE (14.0.2+12-46), built on Jul  9 2020 00:35:52 by "mach5one" with MS VC++ 15.9 (VS2017)

END.
