#
# There is insufficient memory for the Java Runtime Environment to continue.
# Native memory allocation (malloc) failed to allocate 41136 bytes for Chunk::new
# Possible reasons:
#   The system is out of physical RAM or swap space
#   The process is running with CompressedOops enabled, and the Java Heap may be blocking the growth of the native heap
# Possible solutions:
#   Reduce memory load on the system
#   Increase physical memory or swap space
#   Check if swap backing store is full
#   Decrease Java heap size (-Xmx/-Xms)
#   Decrease number of Java threads
#   Decrease Java thread stack sizes (-Xss)
#   Set larger code cache with -XX:ReservedCodeCacheSize=
#   JVM is running with Unscaled Compressed Oops mode in which the Java heap is
#     placed in the first 4GB address space. The Java Heap base address is the
#     maximum limit for the native heap growth. Please use -XX:HeapBaseMinAddress
#     to set the Java Heap base and to place the Java Heap above 4GB virtual address.
# This output file may be truncated or incomplete.
#
#  Out of Memory Error (./open/src/hotspot/share/memory/arena.cpp:195), pid=22460, tid=24740
#
# JRE version: Java(TM) SE Runtime Environment (14.0.2+12) (build 14.0.2+12-46)
# Java VM: Java HotSpot(TM) 64-Bit Server VM (14.0.2+12-46, mixed mode, sharing, tiered, compressed oops, g1 gc, windows-amd64)
# No core dump will be written. Minidumps are not enabled by default on client versions of Windows
#

---------------  S U M M A R Y ------------

Command Line: -agentlib:jdwp=transport=dt_socket,suspend=y,address=localhost:57399 -javaagent:C:\Users\Asus\eclipse\java-2020-063\eclipse\configuration\org.eclipse.osgi\222\0\.cp\lib\javaagent-shaded.jar -Dfile.encoding=UTF-8 view.MainView

Host: Intel(R) Core(TM) i3-7100U CPU @ 2.40GHz, 4 cores, 3G,  Windows 10 , 64 bit Build 19041 (10.0.19041.1348)
Time: Mon Jan 24 13:36:38 2022 SE Asia Standard Time elapsed time: 146 seconds (0d 0h 2m 26s)

---------------  T H R E A D  ---------------

Current thread (0x00000262cd94c000):  JavaThread "C2 CompilerThread0" daemon [_thread_in_native, id=24740, stack(0x0000007492800000,0x0000007492900000)]


Current CompileTask:
C2: 146818   15       4       java.lang.StringLatin1::hashCode (42 bytes)

Stack: [0x0000007492800000,0x0000007492900000]
Native frames: (J=compiled Java code, j=interpreted, Vv=VM code, C=native code)
V  [jvm.dll+0x5f8a9a]
V  [jvm.dll+0x74247a]
V  [jvm.dll+0x743c2f]
V  [jvm.dll+0x744273]
V  [jvm.dll+0x20d288]
V  [jvm.dll+0xabb07]
V  [jvm.dll+0xac1fc]
V  [jvm.dll+0x276db4]
V  [jvm.dll+0x50cffa]
V  [jvm.dll+0x1ee1da]
V  [jvm.dll+0x1e7cfb]
V  [jvm.dll+0x1e4f98]
V  [jvm.dll+0x1779cc]
V  [jvm.dll+0x1f4105]
V  [jvm.dll+0x1f22eb]
V  [jvm.dll+0x7070cd]
V  [jvm.dll+0x6ffeda]
V  [jvm.dll+0x5f78f6]
C  [ucrtbase.dll+0x21bb2]
C  [KERNEL32.DLL+0x17034]
C  [ntdll.dll+0x52651]


---------------  P R O C E S S  ---------------

Threads class SMR info:
_java_thread_list=0x00000262cdf1d9f0, length=10, elements={
0x00000262b0ff0000, 0x00000262cd927000, 0x00000262cd931800, 0x00000262cd942800,
0x00000262cd945000, 0x00000262cd947000, 0x00000262cd94c000, 0x00000262cd9be800,
0x00000262cd9c6000, 0x00000262ceaf8800
}

Java Threads: ( => current thread )
  0x00000262b0ff0000 JavaThread "main" [_thread_blocked, id=7304, stack(0x0000007491c00000,0x0000007491d00000)]
  0x00000262cd927000 JavaThread "Reference Handler" daemon [_thread_blocked, id=26116, stack(0x0000007492300000,0x0000007492400000)]
  0x00000262cd931800 JavaThread "Finalizer" daemon [_thread_blocked, id=25968, stack(0x0000007492400000,0x0000007492500000)]
  0x00000262cd942800 JavaThread "Signal Dispatcher" daemon [_thread_blocked, id=25964, stack(0x0000007492500000,0x0000007492600000)]
  0x00000262cd945000 JavaThread "Attach Listener" daemon [_thread_blocked, id=11592, stack(0x0000007492600000,0x0000007492700000)]
  0x00000262cd947000 JavaThread "Service Thread" daemon [_thread_blocked, id=24792, stack(0x0000007492700000,0x0000007492800000)]
=>0x00000262cd94c000 JavaThread "C2 CompilerThread0" daemon [_thread_in_native, id=24740, stack(0x0000007492800000,0x0000007492900000)]
  0x00000262cd9be800 JavaThread "C1 CompilerThread0" daemon [_thread_blocked, id=23072, stack(0x0000007492900000,0x0000007492a00000)]
  0x00000262cd9c6000 JavaThread "Sweeper thread" daemon [_thread_blocked, id=3504, stack(0x0000007492a00000,0x0000007492b00000)]
  0x00000262ceaf8800 JavaThread "Common-Cleaner" daemon [_thread_in_vm, id=22904, stack(0x0000007492b00000,0x0000007492c00000)]

Other Threads:
  0x00000262cd923800 VMThread "VM Thread" [stack: 0x0000007492200000,0x0000007492300000] [id=27464] _threads_hazard_ptr=0x00000262cdf1d9f0
  0x00000262af02a000 GCTaskThread "GC Thread#0" [stack: 0x0000007491d00000,0x0000007491e00000] [id=22852]
  0x00000262af02e000 ConcurrentGCThread "G1 Main Marker" [stack: 0x0000007491e00000,0x0000007491f00000] [id=11564]
  0x00000262b1028800 ConcurrentGCThread "G1 Conc#0" [stack: 0x0000007491f00000,0x0000007492000000] [id=25948]
  0x00000262b107b800 ConcurrentGCThread "G1 Refine#0" [stack: 0x0000007492000000,0x0000007492100000] [id=23012]
  0x00000262b107e800 ConcurrentGCThread "G1 Young RemSet Sampling" [stack: 0x0000007492100000,0x0000007492200000] [id=14100]

Threads with active compile tasks:
C2 CompilerThread0   148029   15       4       java.lang.StringLatin1::hashCode (42 bytes)
C1 CompilerThread0   148029   90       3       java.util.HashMap::getNode (148 bytes)

VM state:synchronizing (normal execution)

VM Mutex/Monitor currently owned by a thread:  ([mutex/lock_event])
[0x00000262b0feb4d0] Threads_lock - owner thread: 0x00000262cd923800
[0x00000262b0fea510] Compile_lock - owner thread: 0x00000262b0ff0000

Heap address: 0x00000000c1c00000, size: 996 MB, Compressed Oops mode: 32-bit
Narrow klass base: 0x0000000800000000, Narrow klass shift: 3
Compressed class space size: 1073741824 Address: 0x0000000800b30000

Heap:
 garbage-first heap   total 65536K, used 0K [0x00000000c1c00000, 0x0000000100000000)
  region size 1024K, 1 young (1024K), 0 survivors (0K)
 Metaspace       used 329K, capacity 759K, committed 1024K, reserved 1060864K
  class space    used 31K, capacity 398K, committed 512K, reserved 1048576K
Heap Regions: E=young(eden), S=young(survivor), O=old, HS=humongous(starts), HC=humongous(continues), CS=collection set, F=free, OA=open archive, CA=closed archive, TAMS=top-at-mark-start (previous, next)
|   0|0x00000000c1c00000, 0x00000000c1c00000, 0x00000000c1d00000|  0%| F|  |TAMS 0x00000000c1c00000, 0x00000000c1c00000| Untracked 
|   1|0x00000000c1d00000, 0x00000000c1d00000, 0x00000000c1e00000|  0%| F|  |TAMS 0x00000000c1d00000, 0x00000000c1d00000| Untracked 
|   2|0x00000000c1e00000, 0x00000000c1e00000, 0x00000000c1f00000|  0%| F|  |TAMS 0x00000000c1e00000, 0x00000000c1e00000| Untracked 
|   3|0x00000000c1f00000, 0x00000000c1f00000, 0x00000000c2000000|  0%| F|  |TAMS 0x00000000c1f00000, 0x00000000c1f00000| Untracked 
|   4|0x00000000c2000000, 0x00000000c2000000, 0x00000000c2100000|  0%| F|  |TAMS 0x00000000c2000000, 0x00000000c2000000| Untracked 
|   5|0x00000000c2100000, 0x00000000c2100000, 0x00000000c2200000|  0%| F|  |TAMS 0x00000000c2100000, 0x00000000c2100000| Untracked 
|   6|0x00000000c2200000, 0x00000000c2200000, 0x00000000c2300000|  0%| F|  |TAMS 0x00000000c2200000, 0x00000000c2200000| Untracked 
|   7|0x00000000c2300000, 0x00000000c2300000, 0x00000000c2400000|  0%| F|  |TAMS 0x00000000c2300000, 0x00000000c2300000| Untracked 
|   8|0x00000000c2400000, 0x00000000c2400000, 0x00000000c2500000|  0%| F|  |TAMS 0x00000000c2400000, 0x00000000c2400000| Untracked 
|   9|0x00000000c2500000, 0x00000000c2500000, 0x00000000c2600000|  0%| F|  |TAMS 0x00000000c2500000, 0x00000000c2500000| Untracked 
|  10|0x00000000c2600000, 0x00000000c2600000, 0x00000000c2700000|  0%| F|  |TAMS 0x00000000c2600000, 0x00000000c2600000| Untracked 
|  11|0x00000000c2700000, 0x00000000c2700000, 0x00000000c2800000|  0%| F|  |TAMS 0x00000000c2700000, 0x00000000c2700000| Untracked 
|  12|0x00000000c2800000, 0x00000000c2800000, 0x00000000c2900000|  0%| F|  |TAMS 0x00000000c2800000, 0x00000000c2800000| Untracked 
|  13|0x00000000c2900000, 0x00000000c2900000, 0x00000000c2a00000|  0%| F|  |TAMS 0x00000000c2900000, 0x00000000c2900000| Untracked 
|  14|0x00000000c2a00000, 0x00000000c2a00000, 0x00000000c2b00000|  0%| F|  |TAMS 0x00000000c2a00000, 0x00000000c2a00000| Untracked 
|  15|0x00000000c2b00000, 0x00000000c2b00000, 0x00000000c2c00000|  0%| F|  |TAMS 0x00000000c2b00000, 0x00000000c2b00000| Untracked 
|  16|0x00000000c2c00000, 0x00000000c2c00000, 0x00000000c2d00000|  0%| F|  |TAMS 0x00000000c2c00000, 0x00000000c2c00000| Untracked 
|  17|0x00000000c2d00000, 0x00000000c2d00000, 0x00000000c2e00000|  0%| F|  |TAMS 0x00000000c2d00000, 0x00000000c2d00000| Untracked 
|  18|0x00000000c2e00000, 0x00000000c2e00000, 0x00000000c2f00000|  0%| F|  |TAMS 0x00000000c2e00000, 0x00000000c2e00000| Untracked 
|  19|0x00000000c2f00000, 0x00000000c2f00000, 0x00000000c3000000|  0%| F|  |TAMS 0x00000000c2f00000, 0x00000000c2f00000| Untracked 
|  20|0x00000000c3000000, 0x00000000c3000000, 0x00000000c3100000|  0%| F|  |TAMS 0x00000000c3000000, 0x00000000c3000000| Untracked 
|  21|0x00000000c3100000, 0x00000000c3100000, 0x00000000c3200000|  0%| F|  |TAMS 0x00000000c3100000, 0x00000000c3100000| Untracked 
|  22|0x00000000c3200000, 0x00000000c3200000, 0x00000000c3300000|  0%| F|  |TAMS 0x00000000c3200000, 0x00000000c3200000| Untracked 
|  23|0x00000000c3300000, 0x00000000c3300000, 0x00000000c3400000|  0%| F|  |TAMS 0x00000000c3300000, 0x00000000c3300000| Untracked 
|  24|0x00000000c3400000, 0x00000000c3400000, 0x00000000c3500000|  0%| F|  |TAMS 0x00000000c3400000, 0x00000000c3400000| Untracked 
|  25|0x00000000c3500000, 0x00000000c3500000, 0x00000000c3600000|  0%| F|  |TAMS 0x00000000c3500000, 0x00000000c3500000| Untracked 
|  26|0x00000000c3600000, 0x00000000c3600000, 0x00000000c3700000|  0%| F|  |TAMS 0x00000000c3600000, 0x00000000c3600000| Untracked 
|  27|0x00000000c3700000, 0x00000000c3700000, 0x00000000c3800000|  0%| F|  |TAMS 0x00000000c3700000, 0x00000000c3700000| Untracked 
|  28|0x00000000c3800000, 0x00000000c3800000, 0x00000000c3900000|  0%| F|  |TAMS 0x00000000c3800000, 0x00000000c3800000| Untracked 
|  29|0x00000000c3900000, 0x00000000c3900000, 0x00000000c3a00000|  0%| F|  |TAMS 0x00000000c3900000, 0x00000000c3900000| Untracked 
|  30|0x00000000c3a00000, 0x00000000c3a00000, 0x00000000c3b00000|  0%| F|  |TAMS 0x00000000c3a00000, 0x00000000c3a00000| Untracked 
|  31|0x00000000c3b00000, 0x00000000c3b00000, 0x00000000c3c00000|  0%| F|  |TAMS 0x00000000c3b00000, 0x00000000c3b00000| Untracked 
|  32|0x00000000c3c00000, 0x00000000c3c00000, 0x00000000c3d00000|  0%| F|  |TAMS 0x00000000c3c00000, 0x00000000c3c00000| Untracked 
|  33|0x00000000c3d00000, 0x00000000c3d00000, 0x00000000c3e00000|  0%| F|  |TAMS 0x00000000c3d00000, 0x00000000c3d00000| Untracked 
|  34|0x00000000c3e00000, 0x00000000c3e00000, 0x00000000c3f00000|  0%| F|  |TAMS 0x00000000c3e00000, 0x00000000c3e00000| Untracked 
|  35|0x00000000c3f00000, 0x00000000c3f00000, 0x00000000c4000000|  0%| F|  |TAMS 0x00000000c3f00000, 0x00000000c3f00000| Untracked 
|  36|0x00000000c4000000, 0x00000000c4000000, 0x00000000c4100000|  0%| F|  |TAMS 0x00000000c4000000, 0x00000000c4000000| Untracked 
|  37|0x00000000c4100000, 0x00000000c4100000, 0x00000000c4200000|  0%| F|  |TAMS 0x00000000c4100000, 0x00000000c4100000| Untracked 
|  38|0x00000000c4200000, 0x00000000c4200000, 0x00000000c4300000|  0%| F|  |TAMS 0x00000000c4200000, 0x00000000c4200000| Untracked 
|  39|0x00000000c4300000, 0x00000000c4300000, 0x00000000c4400000|  0%| F|  |TAMS 0x00000000c4300000, 0x00000000c4300000| Untracked 
|  40|0x00000000c4400000, 0x00000000c4400000, 0x00000000c4500000|  0%| F|  |TAMS 0x00000000c4400000, 0x00000000c4400000| Untracked 
|  41|0x00000000c4500000, 0x00000000c4500000, 0x00000000c4600000|  0%| F|  |TAMS 0x00000000c4500000, 0x00000000c4500000| Untracked 
|  42|0x00000000c4600000, 0x00000000c4600000, 0x00000000c4700000|  0%| F|  |TAMS 0x00000000c4600000, 0x00000000c4600000| Untracked 
|  43|0x00000000c4700000, 0x00000000c4700000, 0x00000000c4800000|  0%| F|  |TAMS 0x00000000c4700000, 0x00000000c4700000| Untracked 
|  44|0x00000000c4800000, 0x00000000c4800000, 0x00000000c4900000|  0%| F|  |TAMS 0x00000000c4800000, 0x00000000c4800000| Untracked 
|  45|0x00000000c4900000, 0x00000000c4900000, 0x00000000c4a00000|  0%| F|  |TAMS 0x00000000c4900000, 0x00000000c4900000| Untracked 
|  46|0x00000000c4a00000, 0x00000000c4a00000, 0x00000000c4b00000|  0%| F|  |TAMS 0x00000000c4a00000, 0x00000000c4a00000| Untracked 
|  47|0x00000000c4b00000, 0x00000000c4b00000, 0x00000000c4c00000|  0%| F|  |TAMS 0x00000000c4b00000, 0x00000000c4b00000| Untracked 
|  48|0x00000000c4c00000, 0x00000000c4c00000, 0x00000000c4d00000|  0%| F|  |TAMS 0x00000000c4c00000, 0x00000000c4c00000| Untracked 
|  49|0x00000000c4d00000, 0x00000000c4d00000, 0x00000000c4e00000|  0%| F|  |TAMS 0x00000000c4d00000, 0x00000000c4d00000| Untracked 
|  50|0x00000000c4e00000, 0x00000000c4e00000, 0x00000000c4f00000|  0%| F|  |TAMS 0x00000000c4e00000, 0x00000000c4e00000| Untracked 
|  51|0x00000000c4f00000, 0x00000000c4f00000, 0x00000000c5000000|  0%| F|  |TAMS 0x00000000c4f00000, 0x00000000c4f00000| Untracked 
|  52|0x00000000c5000000, 0x00000000c5000000, 0x00000000c5100000|  0%| F|  |TAMS 0x00000000c5000000, 0x00000000c5000000| Untracked 
|  53|0x00000000c5100000, 0x00000000c5100000, 0x00000000c5200000|  0%| F|  |TAMS 0x00000000c5100000, 0x00000000c5100000| Untracked 
|  54|0x00000000c5200000, 0x00000000c5200000, 0x00000000c5300000|  0%| F|  |TAMS 0x00000000c5200000, 0x00000000c5200000| Untracked 
|  55|0x00000000c5300000, 0x00000000c5300000, 0x00000000c5400000|  0%| F|  |TAMS 0x00000000c5300000, 0x00000000c5300000| Untracked 
|  56|0x00000000c5400000, 0x00000000c5400000, 0x00000000c5500000|  0%| F|  |TAMS 0x00000000c5400000, 0x00000000c5400000| Untracked 
|  57|0x00000000c5500000, 0x00000000c5500000, 0x00000000c5600000|  0%| F|  |TAMS 0x00000000c5500000, 0x00000000c5500000| Untracked 
|  58|0x00000000c5600000, 0x00000000c5600000, 0x00000000c5700000|  0%| F|  |TAMS 0x00000000c5600000, 0x00000000c5600000| Untracked 
|  59|0x00000000c5700000, 0x00000000c5700000, 0x00000000c5800000|  0%| F|  |TAMS 0x00000000c5700000, 0x00000000c5700000| Untracked 
|  60|0x00000000c5800000, 0x00000000c5800000, 0x00000000c5900000|  0%| F|  |TAMS 0x00000000c5800000, 0x00000000c5800000| Untracked 
|  61|0x00000000c5900000, 0x00000000c5900000, 0x00000000c5a00000|  0%| F|  |TAMS 0x00000000c5900000, 0x00000000c5900000| Untracked 
|  62|0x00000000c5a00000, 0x00000000c5a00000, 0x00000000c5b00000|  0%| F|  |TAMS 0x00000000c5a00000, 0x00000000c5a00000| Untracked 
|  63|0x00000000c5b00000, 0x00000000c5c00000, 0x00000000c5c00000|100%| E|  |TAMS 0x00000000c5b00000, 0x00000000c5b00000| Complete 

Card table byte_map: [0x00000262c89a0000,0x00000262c8ba0000] _byte_map_base: 0x00000262c8392000

Marking Bits (Prev, Next): (CMBitMap*) 0x00000262af02adb8, (CMBitMap*) 0x00000262af02adf8
 Prev Bits: [0x00000262c8da0000, 0x00000262c9d30000)
 Next Bits: [0x00000262c9d30000, 0x00000262cacc0000)

Polling page: 0x00000262aef00000

Metaspace:

Usage:
  Non-class:    361.00 KB capacity,   297.76 KB ( 82%) used,    61.12 KB ( 17%) free+waste,     2.13 KB ( <1%) overhead. 
      Class:    398.00 KB capacity,    31.87 KB (  8%) used,   365.20 KB ( 92%) free+waste,   960 bytes ( <1%) overhead. 
       Both:    759.00 KB capacity,   329.63 KB ( 43%) used,   426.31 KB ( 56%) free+waste,     3.06 KB ( <1%) overhead. 

Virtual space:
  Non-class space:       12.00 MB reserved,     512.00 KB (  4%) committed 
      Class space:        1.00 GB reserved,     512.00 KB ( <1%) committed 
             Both:        1.01 GB reserved,       1.00 MB ( <1%) committed 

Chunk freelists:
   Non-Class:  23.00 KB
       Class:  0 bytes
        Both:  23.00 KB

MaxMetaspaceSize: 17179869184.00 GB
CompressedClassSpaceSize: 1.00 GB

CodeHeap 'non-profiled nmethods': size=120000Kb used=22Kb max_used=22Kb free=119977Kb
 bounds [0x00000262c1270000, 0x00000262c14e0000, 0x00000262c87a0000]
CodeHeap 'profiled nmethods': size=120000Kb used=108Kb max_used=108Kb free=119891Kb
 bounds [0x00000262b9d40000, 0x00000262b9fb0000, 0x00000262c1270000]
CodeHeap 'non-nmethods': size=5760Kb used=1169Kb max_used=1169Kb free=4590Kb
 bounds [0x00000262b97a0000, 0x00000262b9a10000, 0x00000262b9d40000]
 total_blobs=397 nmethods=84 adapters=226
 compilation: enabled
              stopped_count=0, restarted_count=0
 full_count=0

Compilation events (20 events):
Event: 146.491 Thread 0x00000262cd9be800 nmethod 9 0x00000262b9d42710 code [0x00000262b9d428c0, 0x00000262b9d42bc8]
Event: 146.491 Thread 0x00000262cd9be800    8       3       java.lang.StringLatin1::equals (36 bytes)
Event: 146.491 Thread 0x00000262cd9be800 nmethod 8 0x00000262b9d42d10 code [0x00000262b9d42ec0, 0x00000262b9d43138]
Event: 146.491 Thread 0x00000262cd9be800   10       3       java.util.Objects::equals (23 bytes)
Event: 146.491 Thread 0x00000262cd9be800 nmethod 10 0x00000262b9d43290 code [0x00000262b9d43440, 0x00000262b9d436c8]
Event: 146.492 Thread 0x00000262cd9be800   11       3       java.util.Set::of (4 bytes)
Event: 146.492 Thread 0x00000262cd9be800 nmethod 11 0x00000262b9d43790 code [0x00000262b9d43920, 0x00000262b9d43a18]
Event: 146.492 Thread 0x00000262cd9be800   12       3       java.lang.module.ModuleDescriptor$Exports::<init> (20 bytes)
Event: 146.493 Thread 0x00000262cd9be800 nmethod 12 0x00000262b9d43a90 code [0x00000262b9d43c40, 0x00000262b9d43ed8]
Event: 146.493 Thread 0x00000262cd9be800   13       3       java.lang.module.ModuleDescriptor$Exports::hashCode (38 bytes)
Event: 146.493 Thread 0x00000262cd9be800 nmethod 13 0x00000262b9d43f90 code [0x00000262b9d44160, 0x00000262b9d444a8]
Event: 146.495 Thread 0x00000262cd9be800   14       3       java.util.Objects::requireNonNull (14 bytes)
Event: 146.495 Thread 0x00000262cd9be800 nmethod 14 0x00000262b9d44610 code [0x00000262b9d447c0, 0x00000262b9d449a8]
Event: 146.496 Thread 0x00000262cd94c000   15       4       java.lang.StringLatin1::hashCode (42 bytes)
Event: 146.497 Thread 0x00000262cd9be800   16       3       java.util.AbstractCollection::<init> (5 bytes)
Event: 146.497 Thread 0x00000262cd9be800 nmethod 16 0x00000262b9d44a90 code [0x00000262b9d44c20, 0x00000262b9d44d98]
Event: 146.497 Thread 0x00000262cd9be800   17       3       java.util.ImmutableCollections$AbstractImmutableCollection::<init> (5 bytes)
Event: 146.498 Thread 0x00000262cd9be800 nmethod 17 0x00000262b9d44e90 code [0x00000262b9d45040, 0x00000262b9d45218]
Event: 146.498 Thread 0x00000262cd9be800   18       3       java.util.ImmutableCollections$AbstractImmutableSet::<init> (5 bytes)
Event: 146.498 Thread 0x00000262cd9be800 nmethod 18 0x00000262b9d45310 code [0x00000262b9d454c0, 0x00000262b9d456f8]

GC Heap History (0 events):
No events

Deoptimization events (0 events):
No events

Classes unloaded (0 events):
No events

Classes redefined (0 events):
No events

Internal exceptions (0 events):
No events

Events (13 events):
Event: 2.145 Loaded shared library C:\Program Files\Java\jdk-14.0.2\bin\java.dll
Event: 2.636 Loaded shared library C:\Program Files\Java\jdk-14.0.2\bin\zip.dll
Event: 46.596 Thread 0x00000262b0ff0000 Thread added: 0x00000262b0ff0000
Event: 139.576 Thread 0x00000262cd927000 Thread added: 0x00000262cd927000
Event: 139.576 Thread 0x00000262cd931800 Thread added: 0x00000262cd931800
Event: 139.591 loading class sun/nio/cs/UTF_8$Encoder
Event: 139.591 loading class sun/nio/cs/UTF_8$Encoder done
Event: 139.595 Thread 0x00000262cd942800 Thread added: 0x00000262cd942800
Event: 139.595 Thread 0x00000262cd945000 Thread added: 0x00000262cd945000
Event: 139.595 Thread 0x00000262cd947000 Thread added: 0x00000262cd947000
Event: 139.595 Thread 0x00000262cd94c000 Thread added: 0x00000262cd94c000
Event: 146.396 Thread 0x00000262cd9be800 Thread added: 0x00000262cd9be800
Event: 146.474 Thread 0x00000262cd9c6000 Thread added: 0x00000262cd9c6000


Dynamic libraries:
0x00007ff69c480000 - 0x00007ff69c48f000 	C:\Program Files\Java\jdk-14.0.2\bin\javaw.exe
0x00007fffa7b50000 - 0x00007fffa7d45000 	C:\WINDOWS\SYSTEM32\ntdll.dll
0x00007fffa6840000 - 0x00007fffa68fe000 	C:\WINDOWS\System32\KERNEL32.DLL
0x00007fffa5390000 - 0x00007fffa5658000 	C:\WINDOWS\System32\KERNELBASE.dll
0x00007fffa58d0000 - 0x00007fffa59d0000 	C:\WINDOWS\System32\ucrtbase.dll
0x00007fff8af40000 - 0x00007fff8af58000 	C:\Program Files\Java\jdk-14.0.2\bin\jli.dll
0x00007fffa6150000 - 0x00007fffa61fc000 	C:\WINDOWS\System32\ADVAPI32.dll
0x00007fffa6990000 - 0x00007fffa6a2e000 	C:\WINDOWS\System32\msvcrt.dll
0x00007fffa7700000 - 0x00007fffa779b000 	C:\WINDOWS\System32\sechost.dll
0x00007fffa6710000 - 0x00007fffa683a000 	C:\WINDOWS\System32\RPCRT4.dll
0x00007fffa6b80000 - 0x00007fffa6d21000 	C:\WINDOWS\System32\USER32.dll
0x00007fffa5260000 - 0x00007fffa5282000 	C:\WINDOWS\System32\win32u.dll
0x00007fffa78d0000 - 0x00007fffa78fb000 	C:\WINDOWS\System32\GDI32.dll
0x00007fffa5a80000 - 0x00007fffa5b8d000 	C:\WINDOWS\System32\gdi32full.dll
0x00007fffa5290000 - 0x00007fffa532d000 	C:\WINDOWS\System32\msvcp_win.dll
0x00007fff8ad60000 - 0x00007fff8ad75000 	C:\Program Files\Java\jdk-14.0.2\bin\VCRUNTIME140.dll
0x00007fff89d10000 - 0x00007fff89faa000 	C:\WINDOWS\WinSxS\amd64_microsoft.windows.common-controls_6595b64144ccf1df_6.0.19041.1110_none_60b5254171f9507e\COMCTL32.dll
0x00007fff96740000 - 0x00007fff9674a000 	C:\WINDOWS\SYSTEM32\VERSION.dll
0x00007fffa6d30000 - 0x00007fffa6d60000 	C:\WINDOWS\System32\IMM32.DLL
0x00007fff74410000 - 0x00007fff744ab000 	C:\Program Files\Java\jdk-14.0.2\bin\msvcp140.dll
0x00007fff67300000 - 0x00007fff67e1e000 	C:\Program Files\Java\jdk-14.0.2\bin\server\jvm.dll
0x00007fffa6fa0000 - 0x00007fffa6fa8000 	C:\WINDOWS\System32\PSAPI.DLL
0x00007fff94c20000 - 0x00007fff94c29000 	C:\WINDOWS\SYSTEM32\WSOCK32.dll
0x00007fffa6aa0000 - 0x00007fffa6b0b000 	C:\WINDOWS\System32\WS2_32.dll
0x00007fff8ba50000 - 0x00007fff8ba77000 	C:\WINDOWS\SYSTEM32\WINMM.dll
0x00007fffa32e0000 - 0x00007fffa32f2000 	C:\WINDOWS\SYSTEM32\kernel.appcore.dll
0x00007fffa0940000 - 0x00007fffa094a000 	C:\Program Files\Java\jdk-14.0.2\bin\jimage.dll
0x00007fffa2fa0000 - 0x00007fffa3184000 	C:\WINDOWS\SYSTEM32\DBGHELP.DLL
0x00007fff94e60000 - 0x00007fff94e8c000 	C:\WINDOWS\SYSTEM32\dbgcore.DLL
0x00007fffa56b0000 - 0x00007fffa5732000 	C:\WINDOWS\System32\bcryptPrimitives.dll
0x00007fff7a730000 - 0x00007fff7a768000 	C:\Program Files\Java\jdk-14.0.2\bin\jdwp.dll
0x00007fff9d820000 - 0x00007fff9d845000 	C:\Program Files\Java\jdk-14.0.2\bin\java.dll
0x00007fff8ae00000 - 0x00007fff8ae0e000 	C:\Program Files\Java\jdk-14.0.2\bin\instrument.dll
0x00007fff9afc0000 - 0x00007fff9afd6000 	C:\Program Files\Java\jdk-14.0.2\bin\zip.dll
0x00007fffa6fb0000 - 0x00007fffa76f4000 	C:\WINDOWS\System32\SHELL32.dll
0x00007fffa39e0000 - 0x00007fffa4174000 	C:\WINDOWS\SYSTEM32\windows.storage.dll
0x00007fffa63b0000 - 0x00007fffa6705000 	C:\WINDOWS\System32\combase.dll
0x00007fffa4be0000 - 0x00007fffa4c0e000 	C:\WINDOWS\SYSTEM32\Wldp.dll
0x00007fffa6d60000 - 0x00007fffa6e0d000 	C:\WINDOWS\System32\SHCORE.dll
0x00007fffa6f40000 - 0x00007fffa6f95000 	C:\WINDOWS\System32\shlwapi.dll
0x00007fffa51a0000 - 0x00007fffa51bf000 	C:\WINDOWS\SYSTEM32\profapi.dll

dbghelp: loaded successfully - version: 4.0.5 - missing functions: none
symbol engine: initialized successfully - sym options: 0x614 - pdb path: .;C:\Program Files\Java\jdk-14.0.2\bin;C:\WINDOWS\SYSTEM32;C:\WINDOWS\WinSxS\amd64_microsoft.windows.common-controls_6595b64144ccf1df_6.0.19041.1110_none_60b5254171f9507e;C:\Program Files\Java\jdk-14.0.2\bin\server

VM Arguments:
jvm_args: -agentlib:jdwp=transport=dt_socket,suspend=y,address=localhost:57399 -javaagent:C:\Users\Asus\eclipse\java-2020-063\eclipse\configuration\org.eclipse.osgi\222\0\.cp\lib\javaagent-shaded.jar -Dfile.encoding=UTF-8 
java_command: view.MainView
java_class_path (initial): C:\Users\Asus\eclipse-workspace\DoAn\bin;C:\Users\Asus\eclipse-workspace\DoAn\addLibrary\sqljdbc42 (1).jar
Launcher Type: SUN_STANDARD

[Global flags]
     intx CICompilerCount                          = 3                                         {product} {ergonomic}
     uint ConcGCThreads                            = 1                                         {product} {ergonomic}
     uint G1ConcRefinementThreads                  = 4                                         {product} {ergonomic}
   size_t G1HeapRegionSize                         = 1048576                                   {product} {ergonomic}
    uintx GCDrainStackTargetSize                   = 64                                        {product} {ergonomic}
   size_t InitialHeapSize                          = 67108864                                  {product} {ergonomic}
   size_t MarkStackSize                            = 4194304                                   {product} {ergonomic}
   size_t MaxHeapSize                              = 1044381696                                {product} {ergonomic}
   size_t MaxNewSize                               = 625999872                                 {product} {ergonomic}
   size_t MinHeapDeltaBytes                        = 1048576                                   {product} {ergonomic}
   size_t MinHeapSize                              = 8388608                                   {product} {ergonomic}
    uintx NonNMethodCodeHeapSize                   = 5832780                                {pd product} {ergonomic}
    uintx NonProfiledCodeHeapSize                  = 122912730                              {pd product} {ergonomic}
    uintx ProfiledCodeHeapSize                     = 122912730                              {pd product} {ergonomic}
    uintx ReservedCodeCacheSize                    = 251658240                              {pd product} {ergonomic}
     bool SegmentedCodeCache                       = true                                      {product} {ergonomic}
   size_t SoftMaxHeapSize                          = 1044381696                             {manageable} {ergonomic}
     bool UseCompressedClassPointers               = true                                 {lp64_product} {ergonomic}
     bool UseCompressedOops                        = true                                 {lp64_product} {ergonomic}
     bool UseG1GC                                  = true                                      {product} {ergonomic}
     bool UseLargePagesIndividualAllocation        = false                                  {pd product} {ergonomic}

Logging:
Log output configuration:
 #0: stdout all=warning uptime,level,tags
 #1: stderr all=off uptime,level,tags

Environment Variables:
PATH=C:/Program Files/Java/jdk-14.0.2/bin/server;C:/Program Files/Java/jdk-14.0.2/bin;C:\Program Files\Common Files\Microsoft Shared\Microsoft Online Services;C:\Program Files (x86)\Common Files\Microsoft Shared\Microsoft Online Services;C:\Program Files (x86)\Common Files\Oracle\Java\javapath;C:\WINDOWS\system32;C:\WINDOWS;C:\WINDOWS\System32\Wbem;C:\WINDOWS\System32\WindowsPowerShell\v1.0\;C:\WINDOWS\System32\OpenSSH\;C:\Program Files\Java\jdk-14.0.2\bin;C:\Program Files\Microsoft SQL Server\120\Tools\Binn\;C:\Program Files\Microsoft SQL Server\Client SDK\ODBC\110\Tools\Binn\;C:\Program Files (x86)\Microsoft SQL Server\120\Tools\Binn\;C:\Program Files\Microsoft SQL Server\120\DTS\Binn\;C:\Program Files (x86)\Microsoft SQL Server\120\Tools\Binn\ManagementStudio\;C:\Program Files (x86)\Microsoft SQL Server\120\DTS\Binn\;C:\Program Files\Microsoft SQL Server\Client SDK\ODBC\130\Tools\Binn\;C:\Users\Asus\AppData\Local\Microsoft\WindowsApps;C:\Program Files\Java\jdk-14.0.2\bin;;C:\Users\Asus\eclipse\java-2020-063\eclipse;
USERNAME=Asus
OS=Windows_NT
PROCESSOR_IDENTIFIER=Intel64 Family 6 Model 142 Stepping 9, GenuineIntel



---------------  S Y S T E M  ---------------

OS: Windows 10 , 64 bit Build 19041 (10.0.19041.1348)
OS uptime: 0 days 17:51 hours

CPU:total 4 (initial active 4) (2 cores per cpu, 2 threads per core) family 6 model 142 stepping 9, cmov, cx8, fxsr, mmx, sse, sse2, sse3, ssse3, sse4.1, sse4.2, popcnt, avx, avx2, aes, clmul, erms, 3dnowpref, lzcnt, ht, tsc, tscinvbit, bmi1, bmi2, adx, fma

Memory: 4k page, system-wide physical 3977M (284M free)
TotalPageFile size 28361M (AvailPageFile size 1058M)
current process WorkingSet (physical memory assigned to process): 26M, peak: 26M
current process commit charge ("private bytes"): 134M, peak: 135M

vm_info: Java HotSpot(TM) 64-Bit Server VM (14.0.2+12-46) for windows-amd64 JRE (14.0.2+12-46), built on Jul  9 2020 00:35:52 by "mach5one" with MS VC++ 15.9 (VS2017)

END.
