#
# There is insufficient memory for the Java Runtime Environment to continue.
# Native memory allocation (malloc) failed to allocate 32744 bytes for ChunkPool::allocate
# Possible reasons:
#   The system is out of physical RAM or swap space
#   The process is running with CompressedOops enabled, and the Java Heap may be blocking the growth of the native heap
# Possible solutions:
#   Reduce memory load on the system
#   Increase physical memory or swap space
#   Check if swap backing store is full
#   Decrease Java heap size (-Xmx/-Xms)
#   Decrease number of Java threads
#   Decrease Java thread stack sizes (-Xss)
#   Set larger code cache with -XX:ReservedCodeCacheSize=
#   JVM is running with Unscaled Compressed Oops mode in which the Java heap is
#     placed in the first 4GB address space. The Java Heap base address is the
#     maximum limit for the native heap growth. Please use -XX:HeapBaseMinAddress
#     to set the Java Heap base and to place the Java Heap above 4GB virtual address.
# This output file may be truncated or incomplete.
#
#  Out of Memory Error (./open/src/hotspot/share/memory/arena.cpp:79), pid=20900, tid=25724
#
# JRE version: Java(TM) SE Runtime Environment (14.0.2+12) (build 14.0.2+12-46)
# Java VM: Java HotSpot(TM) 64-Bit Server VM (14.0.2+12-46, mixed mode, sharing, tiered, compressed oops, g1 gc, windows-amd64)
# No core dump will be written. Minidumps are not enabled by default on client versions of Windows
#

---------------  S U M M A R Y ------------

Command Line: -agentlib:jdwp=transport=dt_socket,suspend=y,address=localhost:57410 -javaagent:C:\Users\Asus\eclipse\java-2020-063\eclipse\configuration\org.eclipse.osgi\222\0\.cp\lib\javaagent-shaded.jar -Dfile.encoding=UTF-8 view.MainView

Host: Intel(R) Core(TM) i3-7100U CPU @ 2.40GHz, 4 cores, 3G,  Windows 10 , 64 bit Build 19041 (10.0.19041.1348)
Time: Mon Jan 24 13:36:38 2022 SE Asia Standard Time elapsed time: 147 seconds (0d 0h 2m 27s)

---------------  T H R E A D  ---------------

Current thread (0x000002d82a6ac000):  JavaThread "C2 CompilerThread0" daemon [_thread_in_native, id=25724, stack(0x000000f71fc00000,0x000000f71fd00000)]


Current CompileTask:
C2: 147221   14       4       java.lang.StringLatin1::hashCode (42 bytes)

Stack: [0x000000f71fc00000,0x000000f71fd00000]
Native frames: (J=compiled Java code, j=interpreted, Vv=VM code, C=native code)
V  [jvm.dll+0x5f8a9a]
V  [jvm.dll+0x74247a]
V  [jvm.dll+0x743c2f]
V  [jvm.dll+0x744273]
V  [jvm.dll+0x20d288]
V  [jvm.dll+0xabea6]
V  [jvm.dll+0xabc7d]
V  [jvm.dll+0x5d997b]
V  [jvm.dll+0x621b0e]
V  [jvm.dll+0x18cecc]
V  [jvm.dll+0x1e5efa]
V  [jvm.dll+0x1e50b8]
V  [jvm.dll+0x1779cc]
V  [jvm.dll+0x1f4105]
V  [jvm.dll+0x1f22eb]
V  [jvm.dll+0x7070cd]
V  [jvm.dll+0x6ffeda]
V  [jvm.dll+0x5f78f6]
C  [ucrtbase.dll+0x21bb2]
C  [KERNEL32.DLL+0x17034]
C  [ntdll.dll+0x52651]


---------------  P R O C E S S  ---------------

Threads class SMR info:
_java_thread_list=0x000002d82a69f250, length=9, elements={
0x000002d80dd4f000, 0x000002d82a686800, 0x000002d82a687800, 0x000002d82a6a2800,
0x000002d82a6a5000, 0x000002d82a6a7000, 0x000002d82a6ac000, 0x000002d82a727000,
0x000002d82a72e800
}

Java Threads: ( => current thread )
  0x000002d80dd4f000 JavaThread "main" [_thread_in_vm, id=6096, stack(0x000000f71f100000,0x000000f71f200000)]
  0x000002d82a686800 JavaThread "Reference Handler" daemon [_thread_blocked, id=13184, stack(0x000000f71ef00000,0x000000f71f000000)]
  0x000002d82a687800 JavaThread "Finalizer" daemon [_thread_blocked, id=22448, stack(0x000000f71f000000,0x000000f71f100000)]
  0x000002d82a6a2800 JavaThread "Signal Dispatcher" daemon [_thread_blocked, id=27204, stack(0x000000f71f900000,0x000000f71fa00000)]
  0x000002d82a6a5000 JavaThread "Attach Listener" daemon [_thread_blocked, id=13420, stack(0x000000f71fa00000,0x000000f71fb00000)]
  0x000002d82a6a7000 JavaThread "Service Thread" daemon [_thread_blocked, id=8244, stack(0x000000f71fb00000,0x000000f71fc00000)]
=>0x000002d82a6ac000 JavaThread "C2 CompilerThread0" daemon [_thread_in_native, id=25724, stack(0x000000f71fc00000,0x000000f71fd00000)]
  0x000002d82a727000 JavaThread "C1 CompilerThread0" daemon [_thread_in_native, id=11236, stack(0x000000f71fe00000,0x000000f71ff00000)]
  0x000002d82a72e800 JavaThread "Sweeper thread" daemon [_thread_blocked, id=7024, stack(0x000000f71ff00000,0x000000f720000000)]

Other Threads:
  0x000002d82a686000 VMThread "VM Thread" [stack: 0x000000f71f800000,0x000000f71f900000] [id=21472] _threads_hazard_ptr=0x000002d82a69f250
  0x000002d80bcca800 GCTaskThread "GC Thread#0" [stack: 0x000000f71f300000,0x000000f71f400000] [id=25000]
  0x000002d80bccd800 ConcurrentGCThread "G1 Main Marker" [stack: 0x000000f71f400000,0x000000f71f500000] [id=25012]
  0x000002d80dd88000 ConcurrentGCThread "G1 Conc#0" [stack: 0x000000f71f500000,0x000000f71f600000] [id=6720]
  0x000002d80dddb000 ConcurrentGCThread "G1 Refine#0" [stack: 0x000000f71f600000,0x000000f71f700000] [id=10040]
  0x000002d80dde2000 ConcurrentGCThread "G1 Young RemSet Sampling" [stack: 0x000000f71f700000,0x000000f71f800000] [id=8024]

Threads with active compile tasks:
C2 CompilerThread0   148512   14       4       java.lang.StringLatin1::hashCode (42 bytes)
C1 CompilerThread0   148513   20       3       java.util.Set::of (68 bytes)

VM state:synchronizing (normal execution)

VM Mutex/Monitor currently owned by a thread:  ([mutex/lock_event])
[0x000002d80dd4b120] Threads_lock - owner thread: 0x000002d82a686000

Heap address: 0x00000000c1c00000, size: 996 MB, Compressed Oops mode: 32-bit
Narrow klass base: 0x0000000800000000, Narrow klass shift: 3
Compressed class space size: 1073741824 Address: 0x0000000800b30000

Heap:
 garbage-first heap   total 65536K, used 0K [0x00000000c1c00000, 0x0000000100000000)
  region size 1024K, 1 young (1024K), 0 survivors (0K)
 Metaspace       used 84K, capacity 4480K, committed 4480K, reserved 1056768K
  class space    used 2K, capacity 384K, committed 384K, reserved 1048576K
Heap Regions: E=young(eden), S=young(survivor), O=old, HS=humongous(starts), HC=humongous(continues), CS=collection set, F=free, OA=open archive, CA=closed archive, TAMS=top-at-mark-start (previous, next)
|   0|0x00000000c1c00000, 0x00000000c1c00000, 0x00000000c1d00000|  0%| F|  |TAMS 0x00000000c1c00000, 0x00000000c1c00000| Untracked 
|   1|0x00000000c1d00000, 0x00000000c1d00000, 0x00000000c1e00000|  0%| F|  |TAMS 0x00000000c1d00000, 0x00000000c1d00000| Untracked 
|   2|0x00000000c1e00000, 0x00000000c1e00000, 0x00000000c1f00000|  0%| F|  |TAMS 0x00000000c1e00000, 0x00000000c1e00000| Untracked 
|   3|0x00000000c1f00000, 0x00000000c1f00000, 0x00000000c2000000|  0%| F|  |TAMS 0x00000000c1f00000, 0x00000000c1f00000| Untracked 
|   4|0x00000000c2000000, 0x00000000c2000000, 0x00000000c2100000|  0%| F|  |TAMS 0x00000000c2000000, 0x00000000c2000000| Untracked 
|   5|0x00000000c2100000, 0x00000000c2100000, 0x00000000c2200000|  0%| F|  |TAMS 0x00000000c2100000, 0x00000000c2100000| Untracked 
|   6|0x00000000c2200000, 0x00000000c2200000, 0x00000000c2300000|  0%| F|  |TAMS 0x00000000c2200000, 0x00000000c2200000| Untracked 
|   7|0x00000000c2300000, 0x00000000c2300000, 0x00000000c2400000|  0%| F|  |TAMS 0x00000000c2300000, 0x00000000c2300000| Untracked 
|   8|0x00000000c2400000, 0x00000000c2400000, 0x00000000c2500000|  0%| F|  |TAMS 0x00000000c2400000, 0x00000000c2400000| Untracked 
|   9|0x00000000c2500000, 0x00000000c2500000, 0x00000000c2600000|  0%| F|  |TAMS 0x00000000c2500000, 0x00000000c2500000| Untracked 
|  10|0x00000000c2600000, 0x00000000c2600000, 0x00000000c2700000|  0%| F|  |TAMS 0x00000000c2600000, 0x00000000c2600000| Untracked 
|  11|0x00000000c2700000, 0x00000000c2700000, 0x00000000c2800000|  0%| F|  |TAMS 0x00000000c2700000, 0x00000000c2700000| Untracked 
|  12|0x00000000c2800000, 0x00000000c2800000, 0x00000000c2900000|  0%| F|  |TAMS 0x00000000c2800000, 0x00000000c2800000| Untracked 
|  13|0x00000000c2900000, 0x00000000c2900000, 0x00000000c2a00000|  0%| F|  |TAMS 0x00000000c2900000, 0x00000000c2900000| Untracked 
|  14|0x00000000c2a00000, 0x00000000c2a00000, 0x00000000c2b00000|  0%| F|  |TAMS 0x00000000c2a00000, 0x00000000c2a00000| Untracked 
|  15|0x00000000c2b00000, 0x00000000c2b00000, 0x00000000c2c00000|  0%| F|  |TAMS 0x00000000c2b00000, 0x00000000c2b00000| Untracked 
|  16|0x00000000c2c00000, 0x00000000c2c00000, 0x00000000c2d00000|  0%| F|  |TAMS 0x00000000c2c00000, 0x00000000c2c00000| Untracked 
|  17|0x00000000c2d00000, 0x00000000c2d00000, 0x00000000c2e00000|  0%| F|  |TAMS 0x00000000c2d00000, 0x00000000c2d00000| Untracked 
|  18|0x00000000c2e00000, 0x00000000c2e00000, 0x00000000c2f00000|  0%| F|  |TAMS 0x00000000c2e00000, 0x00000000c2e00000| Untracked 
|  19|0x00000000c2f00000, 0x00000000c2f00000, 0x00000000c3000000|  0%| F|  |TAMS 0x00000000c2f00000, 0x00000000c2f00000| Untracked 
|  20|0x00000000c3000000, 0x00000000c3000000, 0x00000000c3100000|  0%| F|  |TAMS 0x00000000c3000000, 0x00000000c3000000| Untracked 
|  21|0x00000000c3100000, 0x00000000c3100000, 0x00000000c3200000|  0%| F|  |TAMS 0x00000000c3100000, 0x00000000c3100000| Untracked 
|  22|0x00000000c3200000, 0x00000000c3200000, 0x00000000c3300000|  0%| F|  |TAMS 0x00000000c3200000, 0x00000000c3200000| Untracked 
|  23|0x00000000c3300000, 0x00000000c3300000, 0x00000000c3400000|  0%| F|  |TAMS 0x00000000c3300000, 0x00000000c3300000| Untracked 
|  24|0x00000000c3400000, 0x00000000c3400000, 0x00000000c3500000|  0%| F|  |TAMS 0x00000000c3400000, 0x00000000c3400000| Untracked 
|  25|0x00000000c3500000, 0x00000000c3500000, 0x00000000c3600000|  0%| F|  |TAMS 0x00000000c3500000, 0x00000000c3500000| Untracked 
|  26|0x00000000c3600000, 0x00000000c3600000, 0x00000000c3700000|  0%| F|  |TAMS 0x00000000c3600000, 0x00000000c3600000| Untracked 
|  27|0x00000000c3700000, 0x00000000c3700000, 0x00000000c3800000|  0%| F|  |TAMS 0x00000000c3700000, 0x00000000c3700000| Untracked 
|  28|0x00000000c3800000, 0x00000000c3800000, 0x00000000c3900000|  0%| F|  |TAMS 0x00000000c3800000, 0x00000000c3800000| Untracked 
|  29|0x00000000c3900000, 0x00000000c3900000, 0x00000000c3a00000|  0%| F|  |TAMS 0x00000000c3900000, 0x00000000c3900000| Untracked 
|  30|0x00000000c3a00000, 0x00000000c3a00000, 0x00000000c3b00000|  0%| F|  |TAMS 0x00000000c3a00000, 0x00000000c3a00000| Untracked 
|  31|0x00000000c3b00000, 0x00000000c3b00000, 0x00000000c3c00000|  0%| F|  |TAMS 0x00000000c3b00000, 0x00000000c3b00000| Untracked 
|  32|0x00000000c3c00000, 0x00000000c3c00000, 0x00000000c3d00000|  0%| F|  |TAMS 0x00000000c3c00000, 0x00000000c3c00000| Untracked 
|  33|0x00000000c3d00000, 0x00000000c3d00000, 0x00000000c3e00000|  0%| F|  |TAMS 0x00000000c3d00000, 0x00000000c3d00000| Untracked 
|  34|0x00000000c3e00000, 0x00000000c3e00000, 0x00000000c3f00000|  0%| F|  |TAMS 0x00000000c3e00000, 0x00000000c3e00000| Untracked 
|  35|0x00000000c3f00000, 0x00000000c3f00000, 0x00000000c4000000|  0%| F|  |TAMS 0x00000000c3f00000, 0x00000000c3f00000| Untracked 
|  36|0x00000000c4000000, 0x00000000c4000000, 0x00000000c4100000|  0%| F|  |TAMS 0x00000000c4000000, 0x00000000c4000000| Untracked 
|  37|0x00000000c4100000, 0x00000000c4100000, 0x00000000c4200000|  0%| F|  |TAMS 0x00000000c4100000, 0x00000000c4100000| Untracked 
|  38|0x00000000c4200000, 0x00000000c4200000, 0x00000000c4300000|  0%| F|  |TAMS 0x00000000c4200000, 0x00000000c4200000| Untracked 
|  39|0x00000000c4300000, 0x00000000c4300000, 0x00000000c4400000|  0%| F|  |TAMS 0x00000000c4300000, 0x00000000c4300000| Untracked 
|  40|0x00000000c4400000, 0x00000000c4400000, 0x00000000c4500000|  0%| F|  |TAMS 0x00000000c4400000, 0x00000000c4400000| Untracked 
|  41|0x00000000c4500000, 0x00000000c4500000, 0x00000000c4600000|  0%| F|  |TAMS 0x00000000c4500000, 0x00000000c4500000| Untracked 
|  42|0x00000000c4600000, 0x00000000c4600000, 0x00000000c4700000|  0%| F|  |TAMS 0x00000000c4600000, 0x00000000c4600000| Untracked 
|  43|0x00000000c4700000, 0x00000000c4700000, 0x00000000c4800000|  0%| F|  |TAMS 0x00000000c4700000, 0x00000000c4700000| Untracked 
|  44|0x00000000c4800000, 0x00000000c4800000, 0x00000000c4900000|  0%| F|  |TAMS 0x00000000c4800000, 0x00000000c4800000| Untracked 
|  45|0x00000000c4900000, 0x00000000c4900000, 0x00000000c4a00000|  0%| F|  |TAMS 0x00000000c4900000, 0x00000000c4900000| Untracked 
|  46|0x00000000c4a00000, 0x00000000c4a00000, 0x00000000c4b00000|  0%| F|  |TAMS 0x00000000c4a00000, 0x00000000c4a00000| Untracked 
|  47|0x00000000c4b00000, 0x00000000c4b00000, 0x00000000c4c00000|  0%| F|  |TAMS 0x00000000c4b00000, 0x00000000c4b00000| Untracked 
|  48|0x00000000c4c00000, 0x00000000c4c00000, 0x00000000c4d00000|  0%| F|  |TAMS 0x00000000c4c00000, 0x00000000c4c00000| Untracked 
|  49|0x00000000c4d00000, 0x00000000c4d00000, 0x00000000c4e00000|  0%| F|  |TAMS 0x00000000c4d00000, 0x00000000c4d00000| Untracked 
|  50|0x00000000c4e00000, 0x00000000c4e00000, 0x00000000c4f00000|  0%| F|  |TAMS 0x00000000c4e00000, 0x00000000c4e00000| Untracked 
|  51|0x00000000c4f00000, 0x00000000c4f00000, 0x00000000c5000000|  0%| F|  |TAMS 0x00000000c4f00000, 0x00000000c4f00000| Untracked 
|  52|0x00000000c5000000, 0x00000000c5000000, 0x00000000c5100000|  0%| F|  |TAMS 0x00000000c5000000, 0x00000000c5000000| Untracked 
|  53|0x00000000c5100000, 0x00000000c5100000, 0x00000000c5200000|  0%| F|  |TAMS 0x00000000c5100000, 0x00000000c5100000| Untracked 
|  54|0x00000000c5200000, 0x00000000c5200000, 0x00000000c5300000|  0%| F|  |TAMS 0x00000000c5200000, 0x00000000c5200000| Untracked 
|  55|0x00000000c5300000, 0x00000000c5300000, 0x00000000c5400000|  0%| F|  |TAMS 0x00000000c5300000, 0x00000000c5300000| Untracked 
|  56|0x00000000c5400000, 0x00000000c5400000, 0x00000000c5500000|  0%| F|  |TAMS 0x00000000c5400000, 0x00000000c5400000| Untracked 
|  57|0x00000000c5500000, 0x00000000c5500000, 0x00000000c5600000|  0%| F|  |TAMS 0x00000000c5500000, 0x00000000c5500000| Untracked 
|  58|0x00000000c5600000, 0x00000000c5600000, 0x00000000c5700000|  0%| F|  |TAMS 0x00000000c5600000, 0x00000000c5600000| Untracked 
|  59|0x00000000c5700000, 0x00000000c5700000, 0x00000000c5800000|  0%| F|  |TAMS 0x00000000c5700000, 0x00000000c5700000| Untracked 
|  60|0x00000000c5800000, 0x00000000c5800000, 0x00000000c5900000|  0%| F|  |TAMS 0x00000000c5800000, 0x00000000c5800000| Untracked 
|  61|0x00000000c5900000, 0x00000000c5900000, 0x00000000c5a00000|  0%| F|  |TAMS 0x00000000c5900000, 0x00000000c5900000| Untracked 
|  62|0x00000000c5a00000, 0x00000000c5a00000, 0x00000000c5b00000|  0%| F|  |TAMS 0x00000000c5a00000, 0x00000000c5a00000| Untracked 
|  63|0x00000000c5b00000, 0x00000000c5b85250, 0x00000000c5c00000| 52%| E|  |TAMS 0x00000000c5b00000, 0x00000000c5b00000| Complete 

Card table byte_map: [0x000002d825700000,0x000002d825900000] _byte_map_base: 0x000002d8250f2000

Marking Bits (Prev, Next): (CMBitMap*) 0x000002d80bccb0c8, (CMBitMap*) 0x000002d80bccb108
 Prev Bits: [0x000002d825b00000, 0x000002d826a90000)
 Next Bits: [0x000002d826a90000, 0x000002d827a20000)

Polling page: 0x000002d80bb70000

Metaspace:

Usage:
  Non-class:      4.00 MB capacity,    82.27 KB (  2%) used,     3.92 MB ( 98%) free+waste,    64 bytes ( <1%) overhead. 
      Class:    384.00 KB capacity,     2.65 KB ( <1%) used,   381.29 KB (>99%) free+waste,    64 bytes ( <1%) overhead. 
       Both:      4.38 MB capacity,    84.92 KB (  2%) used,     4.29 MB ( 98%) free+waste,   128 bytes ( <1%) overhead. 

Virtual space:
  Non-class space:        8.00 MB reserved,       4.00 MB ( 50%) committed 
      Class space:        1.00 GB reserved,     384.00 KB ( <1%) committed 
             Both:        1.01 GB reserved,       4.38 MB ( <1%) committed 

Chunk freelists:
   Non-Class:  0 bytes
       Class:  0 bytes
        Both:  0 bytes

MaxMetaspaceSize: 17179869184.00 GB
CompressedClassSpaceSize: 1.00 GB

CodeHeap 'non-profiled nmethods': size=120000Kb used=0Kb max_used=0Kb free=120000Kb
 bounds [0x000002d81dfd0000, 0x000002d81e240000, 0x000002d825500000]
CodeHeap 'profiled nmethods': size=120000Kb used=22Kb max_used=22Kb free=119978Kb
 bounds [0x000002d816aa0000, 0x000002d816d10000, 0x000002d81dfd0000]
CodeHeap 'non-nmethods': size=5760Kb used=1125Kb max_used=1125Kb free=4634Kb
 bounds [0x000002d816500000, 0x000002d816770000, 0x000002d816aa0000]
 total_blobs=272 nmethods=17 adapters=168
 compilation: enabled
              stopped_count=0, restarted_count=0
 full_count=0

Compilation events (20 events):
Event: 146.949 Thread 0x000002d82a727000 nmethod 7 0x000002d816aa2010 code [0x000002d816aa21e0, 0x000002d816aa2648]
Event: 146.949 Thread 0x000002d82a727000    9       3       java.util.ImmutableCollections$SetN::hashCode (46 bytes)
Event: 146.949 Thread 0x000002d82a727000 nmethod 9 0x000002d816aa2710 code [0x000002d816aa28c0, 0x000002d816aa2bc8]
Event: 146.949 Thread 0x000002d82a727000    8       3       java.lang.StringLatin1::equals (36 bytes)
Event: 146.950 Thread 0x000002d82a727000 nmethod 8 0x000002d816aa2d10 code [0x000002d816aa2ec0, 0x000002d816aa3138]
Event: 146.950 Thread 0x000002d82a727000   10       3       java.util.Objects::equals (23 bytes)
Event: 146.950 Thread 0x000002d82a727000 nmethod 10 0x000002d816aa3290 code [0x000002d816aa3440, 0x000002d816aa36c8]
Event: 146.950 Thread 0x000002d82a727000   11       3       java.util.Set::of (4 bytes)
Event: 146.951 Thread 0x000002d82a727000 nmethod 11 0x000002d816aa3790 code [0x000002d816aa3920, 0x000002d816aa3a18]
Event: 146.951 Thread 0x000002d82a727000   12       3       java.lang.module.ModuleDescriptor$Exports::<init> (20 bytes)
Event: 146.951 Thread 0x000002d82a727000 nmethod 12 0x000002d816aa3a90 code [0x000002d816aa3c40, 0x000002d816aa3ed8]
Event: 146.951 Thread 0x000002d82a727000   13       3       java.lang.module.ModuleDescriptor$Exports::hashCode (38 bytes)
Event: 146.952 Thread 0x000002d82a6ac000   14       4       java.lang.StringLatin1::hashCode (42 bytes)
Event: 146.952 Thread 0x000002d82a727000 nmethod 13 0x000002d816aa3f90 code [0x000002d816aa4160, 0x000002d816aa44a8]
Event: 146.954 Thread 0x000002d82a727000   15       3       java.util.Objects::requireNonNull (14 bytes)
Event: 146.955 Thread 0x000002d82a727000 nmethod 15 0x000002d816aa4610 code [0x000002d816aa47c0, 0x000002d816aa49a8]
Event: 146.956 Thread 0x000002d82a727000   16       3       java.util.AbstractCollection::<init> (5 bytes)
Event: 146.956 Thread 0x000002d82a727000 nmethod 16 0x000002d816aa4a90 code [0x000002d816aa4c20, 0x000002d816aa4d98]
Event: 146.956 Thread 0x000002d82a727000   17       3       java.util.ImmutableCollections$AbstractImmutableCollection::<init> (5 bytes)
Event: 146.957 Thread 0x000002d82a727000 nmethod 17 0x000002d816aa4e90 code [0x000002d816aa5040, 0x000002d816aa5218]

GC Heap History (0 events):
No events

Deoptimization events (0 events):
No events

Classes unloaded (0 events):
No events

Classes redefined (0 events):
No events

Internal exceptions (0 events):
No events

Events (13 events):
Event: 0.301 Loaded shared library C:\Program Files\Java\jdk-14.0.2\bin\java.dll
Event: 0.302 Loaded shared library C:\Program Files\Java\jdk-14.0.2\bin\zip.dll
Event: 112.298 Thread 0x000002d80dd4f000 Thread added: 0x000002d80dd4f000
Event: 140.831 Thread 0x000002d82a686800 Thread added: 0x000002d82a686800
Event: 140.831 Thread 0x000002d82a687800 Thread added: 0x000002d82a687800
Event: 140.843 loading class sun/nio/cs/UTF_8$Encoder
Event: 140.843 loading class sun/nio/cs/UTF_8$Encoder done
Event: 140.846 Thread 0x000002d82a6a2800 Thread added: 0x000002d82a6a2800
Event: 140.846 Thread 0x000002d82a6a5000 Thread added: 0x000002d82a6a5000
Event: 140.846 Thread 0x000002d82a6a7000 Thread added: 0x000002d82a6a7000
Event: 140.846 Thread 0x000002d82a6ac000 Thread added: 0x000002d82a6ac000
Event: 146.852 Thread 0x000002d82a727000 Thread added: 0x000002d82a727000
Event: 146.887 Thread 0x000002d82a72e800 Thread added: 0x000002d82a72e800


Dynamic libraries:
0x00007ff69c480000 - 0x00007ff69c48f000 	C:\Program Files\Java\jdk-14.0.2\bin\javaw.exe
0x00007fffa7b50000 - 0x00007fffa7d45000 	C:\WINDOWS\SYSTEM32\ntdll.dll
0x00007fffa6840000 - 0x00007fffa68fe000 	C:\WINDOWS\System32\KERNEL32.DLL
0x00007fffa5390000 - 0x00007fffa5658000 	C:\WINDOWS\System32\KERNELBASE.dll
0x00007fffa58d0000 - 0x00007fffa59d0000 	C:\WINDOWS\System32\ucrtbase.dll
0x00007fff8af40000 - 0x00007fff8af58000 	C:\Program Files\Java\jdk-14.0.2\bin\jli.dll
0x00007fffa6150000 - 0x00007fffa61fc000 	C:\WINDOWS\System32\ADVAPI32.dll
0x00007fffa6990000 - 0x00007fffa6a2e000 	C:\WINDOWS\System32\msvcrt.dll
0x00007fffa7700000 - 0x00007fffa779b000 	C:\WINDOWS\System32\sechost.dll
0x00007fffa6710000 - 0x00007fffa683a000 	C:\WINDOWS\System32\RPCRT4.dll
0x00007fffa6b80000 - 0x00007fffa6d21000 	C:\WINDOWS\System32\USER32.dll
0x00007fffa5260000 - 0x00007fffa5282000 	C:\WINDOWS\System32\win32u.dll
0x00007fffa78d0000 - 0x00007fffa78fb000 	C:\WINDOWS\System32\GDI32.dll
0x00007fffa5a80000 - 0x00007fffa5b8d000 	C:\WINDOWS\System32\gdi32full.dll
0x00007fffa5290000 - 0x00007fffa532d000 	C:\WINDOWS\System32\msvcp_win.dll
0x00007fff8ad60000 - 0x00007fff8ad75000 	C:\Program Files\Java\jdk-14.0.2\bin\VCRUNTIME140.dll
0x00007fff89d10000 - 0x00007fff89faa000 	C:\WINDOWS\WinSxS\amd64_microsoft.windows.common-controls_6595b64144ccf1df_6.0.19041.1110_none_60b5254171f9507e\COMCTL32.dll
0x00007fff96740000 - 0x00007fff9674a000 	C:\WINDOWS\SYSTEM32\VERSION.dll
0x00007fffa6d30000 - 0x00007fffa6d60000 	C:\WINDOWS\System32\IMM32.DLL
0x00007fff74410000 - 0x00007fff744ab000 	C:\Program Files\Java\jdk-14.0.2\bin\msvcp140.dll
0x00007fff67300000 - 0x00007fff67e1e000 	C:\Program Files\Java\jdk-14.0.2\bin\server\jvm.dll
0x00007fffa6fa0000 - 0x00007fffa6fa8000 	C:\WINDOWS\System32\PSAPI.DLL
0x00007fff94c20000 - 0x00007fff94c29000 	C:\WINDOWS\SYSTEM32\WSOCK32.dll
0x00007fffa6aa0000 - 0x00007fffa6b0b000 	C:\WINDOWS\System32\WS2_32.dll
0x00007fff8ba50000 - 0x00007fff8ba77000 	C:\WINDOWS\SYSTEM32\WINMM.dll
0x00007fffa32e0000 - 0x00007fffa32f2000 	C:\WINDOWS\SYSTEM32\kernel.appcore.dll
0x00007fffa0940000 - 0x00007fffa094a000 	C:\Program Files\Java\jdk-14.0.2\bin\jimage.dll
0x00007fffa2fa0000 - 0x00007fffa3184000 	C:\WINDOWS\SYSTEM32\DBGHELP.DLL
0x00007fff94e60000 - 0x00007fff94e8c000 	C:\WINDOWS\SYSTEM32\dbgcore.DLL
0x00007fffa56b0000 - 0x00007fffa5732000 	C:\WINDOWS\System32\bcryptPrimitives.dll
0x00007fff7a730000 - 0x00007fff7a768000 	C:\Program Files\Java\jdk-14.0.2\bin\jdwp.dll
0x00007fff9d820000 - 0x00007fff9d845000 	C:\Program Files\Java\jdk-14.0.2\bin\java.dll
0x00007fff8ae00000 - 0x00007fff8ae0e000 	C:\Program Files\Java\jdk-14.0.2\bin\instrument.dll
0x00007fff9afc0000 - 0x00007fff9afd6000 	C:\Program Files\Java\jdk-14.0.2\bin\zip.dll
0x00007fffa6fb0000 - 0x00007fffa76f4000 	C:\WINDOWS\System32\SHELL32.dll
0x00007fffa39e0000 - 0x00007fffa4174000 	C:\WINDOWS\SYSTEM32\windows.storage.dll
0x00007fffa63b0000 - 0x00007fffa6705000 	C:\WINDOWS\System32\combase.dll
0x00007fffa4be0000 - 0x00007fffa4c0e000 	C:\WINDOWS\SYSTEM32\Wldp.dll
0x00007fffa6d60000 - 0x00007fffa6e0d000 	C:\WINDOWS\System32\SHCORE.dll
0x00007fffa6f40000 - 0x00007fffa6f95000 	C:\WINDOWS\System32\shlwapi.dll
0x00007fffa51a0000 - 0x00007fffa51bf000 	C:\WINDOWS\SYSTEM32\profapi.dll

dbghelp: loaded successfully - version: 4.0.5 - missing functions: none
symbol engine: initialized successfully - sym options: 0x614 - pdb path: .;C:\Program Files\Java\jdk-14.0.2\bin;C:\WINDOWS\SYSTEM32;C:\WINDOWS\WinSxS\amd64_microsoft.windows.common-controls_6595b64144ccf1df_6.0.19041.1110_none_60b5254171f9507e;C:\Program Files\Java\jdk-14.0.2\bin\server

VM Arguments:
jvm_args: -agentlib:jdwp=transport=dt_socket,suspend=y,address=localhost:57410 -javaagent:C:\Users\Asus\eclipse\java-2020-063\eclipse\configuration\org.eclipse.osgi\222\0\.cp\lib\javaagent-shaded.jar -Dfile.encoding=UTF-8 
java_command: view.MainView
java_class_path (initial): C:\Users\Asus\eclipse-workspace\DoAn\bin;C:\Users\Asus\eclipse-workspace\DoAn\addLibrary\sqljdbc42 (1).jar
Launcher Type: SUN_STANDARD

[Global flags]
     intx CICompilerCount                          = 3                                         {product} {ergonomic}
     uint ConcGCThreads                            = 1                                         {product} {ergonomic}
     uint G1ConcRefinementThreads                  = 4                                         {product} {ergonomic}
   size_t G1HeapRegionSize                         = 1048576                                   {product} {ergonomic}
    uintx GCDrainStackTargetSize                   = 64                                        {product} {ergonomic}
   size_t InitialHeapSize                          = 67108864                                  {product} {ergonomic}
   size_t MarkStackSize                            = 4194304                                   {product} {ergonomic}
   size_t MaxHeapSize                              = 1044381696                                {product} {ergonomic}
   size_t MaxNewSize                               = 625999872                                 {product} {ergonomic}
   size_t MinHeapDeltaBytes                        = 1048576                                   {product} {ergonomic}
   size_t MinHeapSize                              = 8388608                                   {product} {ergonomic}
    uintx NonNMethodCodeHeapSize                   = 5832780                                {pd product} {ergonomic}
    uintx NonProfiledCodeHeapSize                  = 122912730                              {pd product} {ergonomic}
    uintx ProfiledCodeHeapSize                     = 122912730                              {pd product} {ergonomic}
    uintx ReservedCodeCacheSize                    = 251658240                              {pd product} {ergonomic}
     bool SegmentedCodeCache                       = true                                      {product} {ergonomic}
   size_t SoftMaxHeapSize                          = 1044381696                             {manageable} {ergonomic}
     bool UseCompressedClassPointers               = true                                 {lp64_product} {ergonomic}
     bool UseCompressedOops                        = true                                 {lp64_product} {ergonomic}
     bool UseG1GC                                  = true                                      {product} {ergonomic}
     bool UseLargePagesIndividualAllocation        = false                                  {pd product} {ergonomic}

Logging:
Log output configuration:
 #0: stdout all=warning uptime,level,tags
 #1: stderr all=off uptime,level,tags

Environment Variables:
PATH=C:/Program Files/Java/jdk-14.0.2/bin/server;C:/Program Files/Java/jdk-14.0.2/bin;C:\Program Files\Common Files\Microsoft Shared\Microsoft Online Services;C:\Program Files (x86)\Common Files\Microsoft Shared\Microsoft Online Services;C:\Program Files (x86)\Common Files\Oracle\Java\javapath;C:\WINDOWS\system32;C:\WINDOWS;C:\WINDOWS\System32\Wbem;C:\WINDOWS\System32\WindowsPowerShell\v1.0\;C:\WINDOWS\System32\OpenSSH\;C:\Program Files\Java\jdk-14.0.2\bin;C:\Program Files\Microsoft SQL Server\120\Tools\Binn\;C:\Program Files\Microsoft SQL Server\Client SDK\ODBC\110\Tools\Binn\;C:\Program Files (x86)\Microsoft SQL Server\120\Tools\Binn\;C:\Program Files\Microsoft SQL Server\120\DTS\Binn\;C:\Program Files (x86)\Microsoft SQL Server\120\Tools\Binn\ManagementStudio\;C:\Program Files (x86)\Microsoft SQL Server\120\DTS\Binn\;C:\Program Files\Microsoft SQL Server\Client SDK\ODBC\130\Tools\Binn\;C:\Users\Asus\AppData\Local\Microsoft\WindowsApps;C:\Program Files\Java\jdk-14.0.2\bin;;C:\Users\Asus\eclipse\java-2020-063\eclipse;
USERNAME=Asus
OS=Windows_NT
PROCESSOR_IDENTIFIER=Intel64 Family 6 Model 142 Stepping 9, GenuineIntel



---------------  S Y S T E M  ---------------

OS: Windows 10 , 64 bit Build 19041 (10.0.19041.1348)
OS uptime: 0 days 17:51 hours

CPU:total 4 (initial active 4) (2 cores per cpu, 2 threads per core) family 6 model 142 stepping 9, cmov, cx8, fxsr, mmx, sse, sse2, sse3, ssse3, sse4.1, sse4.2, popcnt, avx, avx2, aes, clmul, erms, 3dnowpref, lzcnt, ht, tsc, tscinvbit, bmi1, bmi2, adx, fma

Memory: 4k page, system-wide physical 3977M (284M free)
TotalPageFile size 28361M (AvailPageFile size 1058M)
current process WorkingSet (physical memory assigned to process): 23M, peak: 23M
current process commit charge ("private bytes"): 137M, peak: 137M

vm_info: Java HotSpot(TM) 64-Bit Server VM (14.0.2+12-46) for windows-amd64 JRE (14.0.2+12-46), built on Jul  9 2020 00:35:52 by "mach5one" with MS VC++ 15.9 (VS2017)

END.
