#
# A fatal error has been detected by the Java Runtime Environment:
#
#  EXCEPTION_ACCESS_VIOLATION (0xc0000005) at pc=0x00007ffcbfb21c11, pid=20500, tid=10404
#
# JRE version:  (14.0.2+12) (build )
# Java VM: Java HotSpot(TM) 64-Bit Server VM (14.0.2+12-46, mixed mode, sharing, tiered, unknown gc, windows-amd64)
# Problematic frame:
# C  [jimage.dll+0x1c11]
#
# No core dump will be written. Minidumps are not enabled by default on client versions of Windows
#
#

---------------  S U M M A R Y ------------

Command Line: 

Host: Intel(R) Core(TM) i3-7100U CPU @ 2.40GHz, 4 cores, 3G,  Windows 10 , 64 bit Build 19041 (10.0.19041.1348)
Time: Sun Jan 23 19:41:23 2022 SE Asia Standard Time elapsed time: 46 seconds (0d 0h 0m 46s)

---------------  T H R E A D  ---------------

Current thread is native thread

Stack: [0x000000e3c9500000,0x000000e3c9600000],  sp=0x000000e3c95fde00,  free space=1015k
Native frames: (J=compiled Java code, j=interpreted, Vv=VM code, C=native code)
C  [jimage.dll+0x1c11]


siginfo: EXCEPTION_ACCESS_VIOLATION (0xc0000005), reading address 0x000000000000a1b4


Registers:
RAX=0x0000000000002866, RBX=0x000000e3c95fdef1, RCX=0x00007ffcbfb26000, RDX=0x0000000000002866
RSP=0x000000e3c95fde00, RBP=0x000000e3c95fdef0, RSI=0x0000000000008456, RDI=0x000000e3c95fdef0
R8 =0x00007ffcbfb24278, R9 =0x000000000000001c, R10=0x00007ffc81e63400, R11=0x00007ffcbfb26000
R12=0x000000e3c95ffa30, R13=0x000002550b6996a0, R14=0x000000e3c95fef60, R15=0x00007ffc81e63448
RIP=0x00007ffcbfb21c11, EFLAGS=0x0000000000010246

Top of Stack: (sp=0x000000e3c95fde00)
0x000000e3c95fde00:   0000000000001c13 00007ffcc51ce3ad
0x000000e3c95fde10:   000002550b680000 000000e3c95fde79
0x000000e3c95fde20:   000002550b685020 00007ffcbfb21d9f
0x000000e3c95fde30:   000000000000000b 000002550b685020
0x000000e3c95fde40:   0000000000000001 00007ffcc531a4d0
0x000000e3c95fde50:   00007ffcc531a4d0 0000000000000001
0x000000e3c95fde60:   00000000000027e4 0000000000000000
0x000000e3c95fde70:   0000000000000002 0000000000000000
0x000000e3c95fde80:   00007ffcc51b1390 00007ffcc527e590
0x000000e3c95fde90:   000070fbd02e8b59 00007ffcc5288892
0x000000e3c95fdea0:   00007ffc81e3ecf0 0000000000000017
0x000000e3c95fdeb0:   000002550b685020 000000e3c95fef60
0x000000e3c95fdec0:   000000000000000b 00007ffcbfb2267d
0x000000e3c95fded0:   0000000000000000 00007ffcc51d65f6
0x000000e3c95fdee0:   000002550b680000 000002550b680000
0x000000e3c95fdef0:   61622e6176616a2f 692f6b646a2f6573 

Instructions: (pc=0x00007ffcbfb21c11)
0x00007ffcbfb21b11:   d2 44 8d 42 40 e9 91 20 00 00 cc 40 53 48 83 ec
0x00007ffcbfb21b21:   20 48 8b d9 48 8b 49 48 48 85 c9 74 1d 80 3d db
0x00007ffcbfb21b31:   44 00 00 00 74 06 48 8b 53 18 eb 04 48 8b 53 40
0x00007ffcbfb21b41:   e8 96 0e 00 00 48 83 63 48 00 8b 4b 0c 83 f9 ff
0x00007ffcbfb21b51:   74 09 e8 cc 0c 00 00 83 4b 0c ff 48 83 c4 20 5b
0x00007ffcbfb21b61:   c3 cc cc 40 53 48 83 ec 20 48 8b d9 48 8d 0d ac
0x00007ffcbfb21b71:   46 00 00 e8 b3 0c 00 00 83 6b 08 01 75 24 48 8b
0x00007ffcbfb21b81:   d3 48 8d 0d 8f 44 00 00 e8 22 08 00 00 48 8b cb
0x00007ffcbfb21b91:   e8 aa fe ff ff ba 78 00 00 00 48 8b cb e8 b1 0e
0x00007ffcbfb21ba1:   00 00 48 8d 0d 76 46 00 00 48 83 c4 20 5b e9 80
0x00007ffcbfb21bb1:   0c 00 00 48 89 5c 24 08 48 89 74 24 10 57 48 83
0x00007ffcbfb21bc1:   ec 20 41 8b f1 4d 8b c8 48 8b fa 4c 8b d9 4d 85
0x00007ffcbfb21bd1:   c0 74 78 85 f6 74 74 44 8a 12 48 8d 5a 01 48 8b
0x00007ffcbfb21be1:   d3 b8 93 01 00 01 eb 12 69 c0 93 01 00 01 41 0f
0x00007ffcbfb21bf1:   b6 ca 44 8a 12 33 c1 48 ff c2 45 84 d2 75 e9 4d
0x00007ffcbfb21c01:   8b 03 0f ba f0 1f 33 d2 49 8b cb f7 f6 48 63 c2
0x00007ffcbfb21c11:   41 8b 14 81 41 ff 50 08 85 c0 7e 24 8a 0f eb 10
0x00007ffcbfb21c21:   69 c0 93 01 00 01 0f b6 c9 33 c1 8a 0b 48 ff c3
0x00007ffcbfb21c31:   84 c9 75 ec 0f ba f0 1f 33 d2 f7 f6 8b c2 eb 0e
0x00007ffcbfb21c41:   79 09 83 c9 ff 2b c8 8b c1 eb 03 83 c8 ff 48 8b
0x00007ffcbfb21c51:   5c 24 30 48 8b 74 24 38 48 83 c4 20 5f c3 cc 48
0x00007ffcbfb21c61:   89 5c 24 08 48 89 74 24 10 57 48 83 ec 20 48 8b
0x00007ffcbfb21c71:   f1 48 8d 0d a7 45 00 00 e8 ae 0b 00 00 33 ff 39
0x00007ffcbfb21c81:   3d 92 43 00 00 76 24 48 8b 05 91 43 00 00 48 8b
0x00007ffcbfb21c91:   d6 48 8b 1c f8 48 8b 0b e8 32 1f 00 00 85 c0 74
0x00007ffcbfb21ca1:   2b ff c7 3b 3d 6e 43 00 00 72 dc 33 db 48 8d 0d
0x00007ffcbfb21cb1:   6b 45 00 00 e8 7a 0b 00 00 48 8b 74 24 38 48 8b
0x00007ffcbfb21cc1:   c3 48 8b 5c 24 30 48 83 c4 20 5f c3 ff 43 08 eb
0x00007ffcbfb21cd1:   dc cc cc 48 89 5c 24 08 48 89 74 24 10 57 48 83
0x00007ffcbfb21ce1:   ec 20 48 8b d9 48 8b f2 48 8b 49 10 49 8b f8 8b
0x00007ffcbfb21cf1:   53 30 48 8b 01 ff 50 20 4c 8b 43 50 48 8b d6 48
0x00007ffcbfb21d01:   8b 4b 10 44 8b c8 e8 a8 fe ff ff 83 f8 ff 74 38 



---------------  P R O C E S S  ---------------

VM state:not at safepoint (not fully initialized)

VM Mutex/Monitor currently owned by a thread: None


Dynamic libraries:
0x00007ff705220000 - 0x00007ff70522f000 	C:\Program Files\Java\jdk-14.0.2\bin\javaw.exe
0x00007ffcc51b0000 - 0x00007ffcc53a5000 	C:\WINDOWS\SYSTEM32\ntdll.dll
0x00007ffcc3450000 - 0x00007ffcc350e000 	C:\WINDOWS\System32\KERNEL32.DLL
0x00007ffcc2970000 - 0x00007ffcc2c38000 	C:\WINDOWS\System32\KERNELBASE.dll
0x00007ffcc2e00000 - 0x00007ffcc2f00000 	C:\WINDOWS\System32\ucrtbase.dll
0x00007ffc9b700000 - 0x00007ffc9b718000 	C:\Program Files\Java\jdk-14.0.2\bin\jli.dll
0x00007ffc9b430000 - 0x00007ffc9b445000 	C:\Program Files\Java\jdk-14.0.2\bin\VCRUNTIME140.dll
0x00007ffcc3e10000 - 0x00007ffcc3ebc000 	C:\WINDOWS\System32\ADVAPI32.dll
0x00007ffcc3ec0000 - 0x00007ffcc3f5e000 	C:\WINDOWS\System32\msvcrt.dll
0x00007ffcc3cf0000 - 0x00007ffcc3d8b000 	C:\WINDOWS\System32\sechost.dll
0x00007ffcc3510000 - 0x00007ffcc363a000 	C:\WINDOWS\System32\RPCRT4.dll
0x00007ffcc40f0000 - 0x00007ffcc4291000 	C:\WINDOWS\System32\USER32.dll
0x00007ffcc31c0000 - 0x00007ffcc31e2000 	C:\WINDOWS\System32\win32u.dll
0x00007ffcc3380000 - 0x00007ffcc33ab000 	C:\WINDOWS\System32\GDI32.dll
0x00007ffcc2c40000 - 0x00007ffcc2d4d000 	C:\WINDOWS\System32\gdi32full.dll
0x00007ffcc2f00000 - 0x00007ffcc2f9d000 	C:\WINDOWS\System32\msvcp_win.dll
0x00007ffca6f80000 - 0x00007ffca721a000 	C:\WINDOWS\WinSxS\amd64_microsoft.windows.common-controls_6595b64144ccf1df_6.0.19041.1110_none_60b5254171f9507e\COMCTL32.dll
0x00007ffcb3de0000 - 0x00007ffcb3dea000 	C:\WINDOWS\SYSTEM32\VERSION.dll
0x00007ffcc47d0000 - 0x00007ffcc4800000 	C:\WINDOWS\System32\IMM32.DLL
0x00007ffc927a0000 - 0x00007ffc9283b000 	C:\Program Files\Java\jdk-14.0.2\bin\msvcp140.dll
0x00007ffc81630000 - 0x00007ffc8214e000 	C:\Program Files\Java\jdk-14.0.2\bin\server\jvm.dll
0x00007ffcc3440000 - 0x00007ffcc3448000 	C:\WINDOWS\System32\PSAPI.DLL
0x00007ffcb2280000 - 0x00007ffcb2289000 	C:\WINDOWS\SYSTEM32\WSOCK32.dll
0x00007ffcc5020000 - 0x00007ffcc508b000 	C:\WINDOWS\System32\WS2_32.dll
0x00007ffca6660000 - 0x00007ffca6687000 	C:\WINDOWS\SYSTEM32\WINMM.dll
0x00007ffcc0990000 - 0x00007ffcc09a2000 	C:\WINDOWS\SYSTEM32\kernel.appcore.dll
0x00007ffcbfb20000 - 0x00007ffcbfb2a000 	C:\Program Files\Java\jdk-14.0.2\bin\jimage.dll
0x00007ffcc0610000 - 0x00007ffcc07f4000 	C:\WINDOWS\SYSTEM32\DBGHELP.DLL

dbghelp: loaded successfully - version: 4.0.5 - missing functions: MiniDumpWriteDump
symbol engine: initialization error.

VM Arguments:
java_command: <unknown>
java_class_path (initial): <not set>
Launcher Type: SUN_STANDARD

[Global flags]
     bool UseLargePagesIndividualAllocation        = false                                  {pd product} {ergonomic}

Logging:
Log output configuration:
 #0: stdout all=warning uptime,level,tags
 #1: stderr all=off uptime,level,tags

Environment Variables:
PATH=C:/Program Files/Java/jdk-14.0.2/bin/server;C:/Program Files/Java/jdk-14.0.2/bin;C:\Program Files\Common Files\Microsoft Shared\Microsoft Online Services;C:\Program Files (x86)\Common Files\Microsoft Shared\Microsoft Online Services;C:\Program Files (x86)\Common Files\Oracle\Java\javapath;C:\WINDOWS\system32;C:\WINDOWS;C:\WINDOWS\System32\Wbem;C:\WINDOWS\System32\WindowsPowerShell\v1.0\;C:\WINDOWS\System32\OpenSSH\;C:\Program Files\Java\jdk-14.0.2\bin;C:\Program Files\Microsoft SQL Server\120\Tools\Binn\;C:\Program Files\Microsoft SQL Server\Client SDK\ODBC\110\Tools\Binn\;C:\Program Files (x86)\Microsoft SQL Server\120\Tools\Binn\;C:\Program Files\Microsoft SQL Server\120\DTS\Binn\;C:\Program Files (x86)\Microsoft SQL Server\120\Tools\Binn\ManagementStudio\;C:\Program Files (x86)\Microsoft SQL Server\120\DTS\Binn\;C:\Program Files\Microsoft SQL Server\Client SDK\ODBC\130\Tools\Binn\;C:\Users\Asus\AppData\Local\Microsoft\WindowsApps;C:\Program Files\Java\jdk-14.0.2\bin;;C:\Users\Asus\eclipse\java-2020-063\eclipse;
USERNAME=Asus
OS=Windows_NT
PROCESSOR_IDENTIFIER=Intel64 Family 6 Model 142 Stepping 9, GenuineIntel



---------------  S Y S T E M  ---------------

OS: Windows 10 , 64 bit Build 19041 (10.0.19041.1348)
OS uptime: 0 days 21:08 hours

CPU:total 4 (initial active 0) 

Memory: 4k page, system-wide physical 3977M (248M free)
TotalPageFile size 18239M (AvailPageFile size 0M)
current process WorkingSet (physical memory assigned to process): 6M, peak: 6M
current process commit charge ("private bytes"): 2M, peak: 2M

vm_info: Java HotSpot(TM) 64-Bit Server VM (14.0.2+12-46) for windows-amd64 JRE (14.0.2+12-46), built on Jul  9 2020 00:35:52 by "mach5one" with MS VC++ 15.9 (VS2017)

END.
